This file contains any messages produced by compilers while
running configure, to aid debugging if configure makes a mistake.

It was created by tautomata configure v0.1 2015-02-19 18:03, which was
generated by GNU Autoconf 2.69.  Invocation command line was

  $ ./configure 

## --------- ##
## Platform. ##
## --------- ##

hostname = halikarnas-VirtualBox
uname -m = i686
uname -r = 3.13.0-45-generic
uname -s = Linux
uname -v = #74-Ubuntu SMP Tue Jan 13 19:37:48 UTC 2015

/usr/bin/uname -p = unknown
/bin/uname -X     = unknown

/bin/arch              = unknown
/usr/bin/arch -k       = unknown
/usr/convex/getsysinfo = unknown
/usr/bin/hostinfo      = unknown
/bin/machine           = unknown
/usr/bin/oslevel       = unknown
/bin/universe          = unknown

PATH: /usr/local/sbin
PATH: /usr/local/bin
PATH: /usr/sbin
PATH: /usr/bin
PATH: /sbin
PATH: /bin


## ----------- ##
## Core tests. ##
## ----------- ##

configure:2715: checking for a BSD-compatible install
configure:2783: result: /usr/bin/install -c
configure:2794: checking whether build environment is sane
configure:2849: result: yes
configure:3000: checking for a thread-safe mkdir -p
configure:3039: result: /bin/mkdir -p
configure:3046: checking for gawk
configure:3076: result: no
configure:3046: checking for mawk
configure:3062: found /usr/bin/mawk
configure:3073: result: mawk
configure:3084: checking whether make sets $(MAKE)
configure:3106: result: yes
configure:3135: checking whether make supports nested variables
configure:3152: result: yes
configure:3307: checking build system type
configure:3321: result: i686-pc-linux-gnu
configure:3341: checking host system type
configure:3354: result: i686-pc-linux-gnu
configure:3395: checking how to print strings
configure:3422: result: printf
configure:3455: checking for style of include used by make
configure:3483: result: GNU
configure:3554: checking for gcc
configure:3570: found /usr/bin/gcc
configure:3581: result: gcc
configure:3810: checking for C compiler version
configure:3819: gcc --version >&5
gcc (Ubuntu 4.8.2-19ubuntu1) 4.8.2
Copyright (C) 2013 Free Software Foundation, Inc.
This is free software; see the source for copying conditions.  There is NO
warranty; not even for MERCHANTABILITY or FITNESS FOR A PARTICULAR PURPOSE.

configure:3830: $? = 0
configure:3819: gcc -v >&5
Using built-in specs.
COLLECT_GCC=gcc
COLLECT_LTO_WRAPPER=/usr/lib/gcc/i686-linux-gnu/4.8/lto-wrapper
Target: i686-linux-gnu
Configured with: ../src/configure -v --with-pkgversion='Ubuntu 4.8.2-19ubuntu1' --with-bugurl=file:///usr/share/doc/gcc-4.8/README.Bugs --enable-languages=c,c++,java,go,d,fortran,objc,obj-c++ --prefix=/usr --program-suffix=-4.8 --enable-shared --enable-linker-build-id --libexecdir=/usr/lib --without-included-gettext --enable-threads=posix --with-gxx-include-dir=/usr/include/c++/4.8 --libdir=/usr/lib --enable-nls --with-sysroot=/ --enable-clocale=gnu --enable-libstdcxx-debug --enable-libstdcxx-time=yes --enable-gnu-unique-object --disable-libmudflap --enable-plugin --with-system-zlib --disable-browser-plugin --enable-java-awt=gtk --enable-gtk-cairo --with-java-home=/usr/lib/jvm/java-1.5.0-gcj-4.8-i386/jre --enable-java-home --with-jvm-root-dir=/usr/lib/jvm/java-1.5.0-gcj-4.8-i386 --with-jvm-jar-dir=/usr/lib/jvm-exports/java-1.5.0-gcj-4.8-i386 --with-arch-directory=i386 --with-ecj-jar=/usr/share/java/eclipse-ecj.jar --enable-objc-gc --enable-targets=all --enable-multiarch --disable-werror --with-arch-32=i686 --with-multilib-list=m32,m64,mx32 --with-tune=generic --enable-checking=release --build=i686-linux-gnu --host=i686-linux-gnu --target=i686-linux-gnu
Thread model: posix
gcc version 4.8.2 (Ubuntu 4.8.2-19ubuntu1) 
configure:3830: $? = 0
configure:3819: gcc -V >&5
gcc: error: unrecognized command line option '-V'
gcc: fatal error: no input files
compilation terminated.
configure:3830: $? = 4
configure:3819: gcc -qversion >&5
gcc: error: unrecognized command line option '-qversion'
gcc: fatal error: no input files
compilation terminated.
configure:3830: $? = 4
configure:3850: checking whether the C compiler works
configure:3872: gcc    conftest.c  >&5
configure:3876: $? = 0
configure:3924: result: yes
configure:3927: checking for C compiler default output file name
configure:3929: result: a.out
configure:3935: checking for suffix of executables
configure:3942: gcc -o conftest    conftest.c  >&5
configure:3946: $? = 0
configure:3968: result: 
configure:3990: checking whether we are cross compiling
configure:3998: gcc -o conftest    conftest.c  >&5
configure:4002: $? = 0
configure:4009: ./conftest
configure:4013: $? = 0
configure:4028: result: no
configure:4033: checking for suffix of object files
configure:4055: gcc -c   conftest.c >&5
configure:4059: $? = 0
configure:4080: result: o
configure:4084: checking whether we are using the GNU C compiler
configure:4103: gcc -c   conftest.c >&5
configure:4103: $? = 0
configure:4112: result: yes
configure:4121: checking whether gcc accepts -g
configure:4141: gcc -c -g  conftest.c >&5
configure:4141: $? = 0
configure:4182: result: yes
configure:4199: checking for gcc option to accept ISO C89
configure:4262: gcc  -c -g -O2  conftest.c >&5
configure:4262: $? = 0
configure:4275: result: none needed
configure:4300: checking whether gcc understands -c and -o together
configure:4322: gcc -c conftest.c -o conftest2.o
configure:4325: $? = 0
configure:4322: gcc -c conftest.c -o conftest2.o
configure:4325: $? = 0
configure:4337: result: yes
configure:4356: checking dependency style of gcc
configure:4467: result: gcc3
configure:4482: checking for a sed that does not truncate output
configure:4546: result: /bin/sed
configure:4564: checking for grep that handles long lines and -e
configure:4622: result: /bin/grep
configure:4627: checking for egrep
configure:4689: result: /bin/grep -E
configure:4694: checking for fgrep
configure:4756: result: /bin/grep -F
configure:4791: checking for ld used by gcc
configure:4858: result: /usr/bin/ld
configure:4865: checking if the linker (/usr/bin/ld) is GNU ld
configure:4880: result: yes
configure:4892: checking for BSD- or MS-compatible name lister (nm)
configure:4941: result: /usr/bin/nm -B
configure:5071: checking the name lister (/usr/bin/nm -B) interface
configure:5078: gcc -c -g -O2  conftest.c >&5
configure:5081: /usr/bin/nm -B "conftest.o"
configure:5084: output
00000000 B some_variable
configure:5091: result: BSD nm
configure:5094: checking whether ln -s works
configure:5098: result: yes
configure:5106: checking the maximum length of command line arguments
configure:5237: result: 1572864
configure:5254: checking whether the shell understands some XSI constructs
configure:5264: result: yes
configure:5268: checking whether the shell understands "+="
configure:5274: result: yes
configure:5309: checking how to convert i686-pc-linux-gnu file names to i686-pc-linux-gnu format
configure:5349: result: func_convert_file_noop
configure:5356: checking how to convert i686-pc-linux-gnu file names to toolchain format
configure:5376: result: func_convert_file_noop
configure:5383: checking for /usr/bin/ld option to reload object files
configure:5390: result: -r
configure:5464: checking for objdump
configure:5480: found /usr/bin/objdump
configure:5491: result: objdump
configure:5523: checking how to recognize dependent libraries
configure:5721: result: pass_all
configure:5806: checking for dlltool
configure:5836: result: no
configure:5866: checking how to associate runtime and link libraries
configure:5893: result: printf %s\n
configure:5954: checking for ar
configure:5970: found /usr/bin/ar
configure:5981: result: ar
configure:6018: checking for archiver @FILE support
configure:6035: gcc -c -g -O2  conftest.c >&5
configure:6035: $? = 0
configure:6038: ar cru libconftest.a @conftest.lst >&5
configure:6041: $? = 0
configure:6046: ar cru libconftest.a @conftest.lst >&5
ar: conftest.o: No such file or directory
configure:6049: $? = 1
configure:6061: result: @
configure:6119: checking for strip
configure:6135: found /usr/bin/strip
configure:6146: result: strip
configure:6218: checking for ranlib
configure:6234: found /usr/bin/ranlib
configure:6245: result: ranlib
configure:6347: checking command to parse /usr/bin/nm -B output from gcc object
configure:6467: gcc -c -g -O2  conftest.c >&5
configure:6470: $? = 0
configure:6474: /usr/bin/nm -B conftest.o \| sed -n -e 's/^.*[ ]\([ABCDGIRSTW][ABCDGIRSTW]*\)[ ][ ]*\([_A-Za-z][_A-Za-z0-9]*\)$/\1 \2 \2/p' | sed '/ __gnu_lto/d' \> conftest.nm
configure:6477: $? = 0
configure:6543: gcc -o conftest -g -O2   conftest.c conftstm.o >&5
configure:6546: $? = 0
configure:6584: result: ok
configure:6621: checking for sysroot
configure:6651: result: no
configure:6920: checking for mt
configure:6936: found /bin/mt
configure:6947: result: mt
configure:6970: checking if mt is a manifest tool
configure:6976: mt '-?'
configure:6984: result: no
configure:7626: checking how to run the C preprocessor
configure:7657: gcc -E  conftest.c
configure:7657: $? = 0
configure:7671: gcc -E  conftest.c
conftest.c:11:28: fatal error: ac_nonexistent.h: No such file or directory
 #include <ac_nonexistent.h>
                            ^
compilation terminated.
configure:7671: $? = 1
configure: failed program was:
| /* confdefs.h */
| #define PACKAGE_NAME "tautomata"
| #define PACKAGE_TARNAME "-tautomata-"
| #define PACKAGE_VERSION "v0.1 2015-02-19 18:03"
| #define PACKAGE_STRING "tautomata v0.1 2015-02-19 18:03"
| #define PACKAGE_BUGREPORT "babic.domagoj at gmail.com"
| #define PACKAGE_URL ""
| #define PACKAGE "-tautomata-"
| #define VERSION "v0.1 2015-02-19 18:03"
| /* end confdefs.h.  */
| #include <ac_nonexistent.h>
configure:7696: result: gcc -E
configure:7716: gcc -E  conftest.c
configure:7716: $? = 0
configure:7730: gcc -E  conftest.c
conftest.c:11:28: fatal error: ac_nonexistent.h: No such file or directory
 #include <ac_nonexistent.h>
                            ^
compilation terminated.
configure:7730: $? = 1
configure: failed program was:
| /* confdefs.h */
| #define PACKAGE_NAME "tautomata"
| #define PACKAGE_TARNAME "-tautomata-"
| #define PACKAGE_VERSION "v0.1 2015-02-19 18:03"
| #define PACKAGE_STRING "tautomata v0.1 2015-02-19 18:03"
| #define PACKAGE_BUGREPORT "babic.domagoj at gmail.com"
| #define PACKAGE_URL ""
| #define PACKAGE "-tautomata-"
| #define VERSION "v0.1 2015-02-19 18:03"
| /* end confdefs.h.  */
| #include <ac_nonexistent.h>
configure:7759: checking for ANSI C header files
configure:7779: gcc -c -g -O2  conftest.c >&5
configure:7779: $? = 0
configure:7852: gcc -o conftest -g -O2   conftest.c  >&5
configure:7852: $? = 0
configure:7852: ./conftest
configure:7852: $? = 0
configure:7863: result: yes
configure:7876: checking for sys/types.h
configure:7876: gcc -c -g -O2  conftest.c >&5
configure:7876: $? = 0
configure:7876: result: yes
configure:7876: checking for sys/stat.h
configure:7876: gcc -c -g -O2  conftest.c >&5
configure:7876: $? = 0
configure:7876: result: yes
configure:7876: checking for stdlib.h
configure:7876: gcc -c -g -O2  conftest.c >&5
configure:7876: $? = 0
configure:7876: result: yes
configure:7876: checking for string.h
configure:7876: gcc -c -g -O2  conftest.c >&5
configure:7876: $? = 0
configure:7876: result: yes
configure:7876: checking for memory.h
configure:7876: gcc -c -g -O2  conftest.c >&5
configure:7876: $? = 0
configure:7876: result: yes
configure:7876: checking for strings.h
configure:7876: gcc -c -g -O2  conftest.c >&5
configure:7876: $? = 0
configure:7876: result: yes
configure:7876: checking for inttypes.h
configure:7876: gcc -c -g -O2  conftest.c >&5
configure:7876: $? = 0
configure:7876: result: yes
configure:7876: checking for stdint.h
configure:7876: gcc -c -g -O2  conftest.c >&5
configure:7876: $? = 0
configure:7876: result: yes
configure:7876: checking for unistd.h
configure:7876: gcc -c -g -O2  conftest.c >&5
configure:7876: $? = 0
configure:7876: result: yes
configure:7890: checking for dlfcn.h
configure:7890: gcc -c -g -O2  conftest.c >&5
configure:7890: $? = 0
configure:7890: result: yes
configure:8096: checking for objdir
configure:8111: result: .libs
configure:8382: checking if gcc supports -fno-rtti -fno-exceptions
configure:8400: gcc -c -g -O2  -fno-rtti -fno-exceptions conftest.c >&5
cc1: warning: command line option '-fno-rtti' is valid for C++/ObjC++ but not for C [enabled by default]
configure:8404: $? = 0
configure:8417: result: no
configure:8744: checking for gcc option to produce PIC
configure:8751: result: -fPIC -DPIC
configure:8759: checking if gcc PIC flag -fPIC -DPIC works
configure:8777: gcc -c -g -O2  -fPIC -DPIC -DPIC conftest.c >&5
configure:8781: $? = 0
configure:8794: result: yes
configure:8823: checking if gcc static flag -static works
configure:8851: result: yes
configure:8866: checking if gcc supports -c -o file.o
configure:8887: gcc -c -g -O2  -o out/conftest2.o conftest.c >&5
configure:8891: $? = 0
configure:8913: result: yes
configure:8921: checking if gcc supports -c -o file.o
configure:8968: result: yes
configure:9001: checking whether the gcc linker (/usr/bin/ld) supports shared libraries
configure:10158: result: yes
configure:10195: checking whether -lc should be explicitly linked in
configure:10203: gcc -c -g -O2  conftest.c >&5
configure:10206: $? = 0
configure:10221: gcc -shared  -fPIC -DPIC conftest.o  -v -Wl,-soname -Wl,conftest -o conftest 2\>\&1 \| /bin/grep  -lc  \>/dev/null 2\>\&1
configure:10224: $? = 0
configure:10238: result: no
configure:10398: checking dynamic linker characteristics
configure:10898: gcc -o conftest -g -O2   -Wl,-rpath -Wl,/foo conftest.c  >&5
configure:10898: $? = 0
configure:11132: result: GNU/Linux ld.so
configure:11239: checking how to hardcode library paths into programs
configure:11264: result: immediate
configure:11804: checking whether stripping libraries is possible
configure:11809: result: yes
configure:11844: checking if libtool supports shared libraries
configure:11846: result: yes
configure:11849: checking whether to build shared libraries
configure:11870: result: yes
configure:11873: checking whether to build static libraries
configure:11877: result: yes
configure:11974: checking for dot
configure:11992: found /usr/bin/dot
configure:12005: result: /usr/bin/dot
configure:12020: checking for gv
configure:12038: found /usr/bin/gv
configure:12051: result: /usr/bin/gv
configure:12114: checking for gcc
configure:12141: result: gcc
configure:12370: checking for C compiler version
configure:12379: gcc --version >&5
gcc (Ubuntu 4.8.2-19ubuntu1) 4.8.2
Copyright (C) 2013 Free Software Foundation, Inc.
This is free software; see the source for copying conditions.  There is NO
warranty; not even for MERCHANTABILITY or FITNESS FOR A PARTICULAR PURPOSE.

configure:12390: $? = 0
configure:12379: gcc -v >&5
Using built-in specs.
COLLECT_GCC=gcc
COLLECT_LTO_WRAPPER=/usr/lib/gcc/i686-linux-gnu/4.8/lto-wrapper
Target: i686-linux-gnu
Configured with: ../src/configure -v --with-pkgversion='Ubuntu 4.8.2-19ubuntu1' --with-bugurl=file:///usr/share/doc/gcc-4.8/README.Bugs --enable-languages=c,c++,java,go,d,fortran,objc,obj-c++ --prefix=/usr --program-suffix=-4.8 --enable-shared --enable-linker-build-id --libexecdir=/usr/lib --without-included-gettext --enable-threads=posix --with-gxx-include-dir=/usr/include/c++/4.8 --libdir=/usr/lib --enable-nls --with-sysroot=/ --enable-clocale=gnu --enable-libstdcxx-debug --enable-libstdcxx-time=yes --enable-gnu-unique-object --disable-libmudflap --enable-plugin --with-system-zlib --disable-browser-plugin --enable-java-awt=gtk --enable-gtk-cairo --with-java-home=/usr/lib/jvm/java-1.5.0-gcj-4.8-i386/jre --enable-java-home --with-jvm-root-dir=/usr/lib/jvm/java-1.5.0-gcj-4.8-i386 --with-jvm-jar-dir=/usr/lib/jvm-exports/java-1.5.0-gcj-4.8-i386 --with-arch-directory=i386 --with-ecj-jar=/usr/share/java/eclipse-ecj.jar --enable-objc-gc --enable-targets=all --enable-multiarch --disable-werror --with-arch-32=i686 --with-multilib-list=m32,m64,mx32 --with-tune=generic --enable-checking=release --build=i686-linux-gnu --host=i686-linux-gnu --target=i686-linux-gnu
Thread model: posix
gcc version 4.8.2 (Ubuntu 4.8.2-19ubuntu1) 
configure:12390: $? = 0
configure:12379: gcc -V >&5
gcc: error: unrecognized command line option '-V'
gcc: fatal error: no input files
compilation terminated.
configure:12390: $? = 4
configure:12379: gcc -qversion >&5
gcc: error: unrecognized command line option '-qversion'
gcc: fatal error: no input files
compilation terminated.
configure:12390: $? = 4
configure:12394: checking whether we are using the GNU C compiler
configure:12422: result: yes
configure:12431: checking whether gcc accepts -g
configure:12492: result: yes
configure:12509: checking for gcc option to accept ISO C89
configure:12585: result: none needed
configure:12610: checking whether gcc understands -c and -o together
configure:12647: result: yes
configure:12666: checking dependency style of gcc
configure:12777: result: gcc3
configure:12850: checking for g++
configure:12866: found /usr/bin/g++
configure:12877: result: g++
configure:12904: checking for C++ compiler version
configure:12913: g++ --version >&5
g++ (Ubuntu 4.8.2-19ubuntu1) 4.8.2
Copyright (C) 2013 Free Software Foundation, Inc.
This is free software; see the source for copying conditions.  There is NO
warranty; not even for MERCHANTABILITY or FITNESS FOR A PARTICULAR PURPOSE.

configure:12924: $? = 0
configure:12913: g++ -v >&5
Using built-in specs.
COLLECT_GCC=g++
COLLECT_LTO_WRAPPER=/usr/lib/gcc/i686-linux-gnu/4.8/lto-wrapper
Target: i686-linux-gnu
Configured with: ../src/configure -v --with-pkgversion='Ubuntu 4.8.2-19ubuntu1' --with-bugurl=file:///usr/share/doc/gcc-4.8/README.Bugs --enable-languages=c,c++,java,go,d,fortran,objc,obj-c++ --prefix=/usr --program-suffix=-4.8 --enable-shared --enable-linker-build-id --libexecdir=/usr/lib --without-included-gettext --enable-threads=posix --with-gxx-include-dir=/usr/include/c++/4.8 --libdir=/usr/lib --enable-nls --with-sysroot=/ --enable-clocale=gnu --enable-libstdcxx-debug --enable-libstdcxx-time=yes --enable-gnu-unique-object --disable-libmudflap --enable-plugin --with-system-zlib --disable-browser-plugin --enable-java-awt=gtk --enable-gtk-cairo --with-java-home=/usr/lib/jvm/java-1.5.0-gcj-4.8-i386/jre --enable-java-home --with-jvm-root-dir=/usr/lib/jvm/java-1.5.0-gcj-4.8-i386 --with-jvm-jar-dir=/usr/lib/jvm-exports/java-1.5.0-gcj-4.8-i386 --with-arch-directory=i386 --with-ecj-jar=/usr/share/java/eclipse-ecj.jar --enable-objc-gc --enable-targets=all --enable-multiarch --disable-werror --with-arch-32=i686 --with-multilib-list=m32,m64,mx32 --with-tune=generic --enable-checking=release --build=i686-linux-gnu --host=i686-linux-gnu --target=i686-linux-gnu
Thread model: posix
gcc version 4.8.2 (Ubuntu 4.8.2-19ubuntu1) 
configure:12924: $? = 0
configure:12913: g++ -V >&5
g++: error: unrecognized command line option '-V'
g++: fatal error: no input files
compilation terminated.
configure:12924: $? = 4
configure:12913: g++ -qversion >&5
g++: error: unrecognized command line option '-qversion'
g++: fatal error: no input files
compilation terminated.
configure:12924: $? = 4
configure:12928: checking whether we are using the GNU C++ compiler
configure:12947: g++ -c   conftest.cpp >&5
configure:12947: $? = 0
configure:12956: result: yes
configure:12965: checking whether g++ accepts -g
configure:12985: g++ -c -g  conftest.cpp >&5
configure:12985: $? = 0
configure:13026: result: yes
configure:13051: checking dependency style of g++
configure:13162: result: gcc3
configure:13195: checking how to run the C++ preprocessor
configure:13222: g++ -E  conftest.cpp
configure:13222: $? = 0
configure:13236: g++ -E  conftest.cpp
conftest.cpp:23:28: fatal error: ac_nonexistent.h: No such file or directory
 #include <ac_nonexistent.h>
                            ^
compilation terminated.
configure:13236: $? = 1
configure: failed program was:
| /* confdefs.h */
| #define PACKAGE_NAME "tautomata"
| #define PACKAGE_TARNAME "-tautomata-"
| #define PACKAGE_VERSION "v0.1 2015-02-19 18:03"
| #define PACKAGE_STRING "tautomata v0.1 2015-02-19 18:03"
| #define PACKAGE_BUGREPORT "babic.domagoj at gmail.com"
| #define PACKAGE_URL ""
| #define PACKAGE "-tautomata-"
| #define VERSION "v0.1 2015-02-19 18:03"
| #define STDC_HEADERS 1
| #define HAVE_SYS_TYPES_H 1
| #define HAVE_SYS_STAT_H 1
| #define HAVE_STDLIB_H 1
| #define HAVE_STRING_H 1
| #define HAVE_MEMORY_H 1
| #define HAVE_STRINGS_H 1
| #define HAVE_INTTYPES_H 1
| #define HAVE_STDINT_H 1
| #define HAVE_UNISTD_H 1
| #define HAVE_DLFCN_H 1
| #define LT_OBJDIR ".libs/"
| /* end confdefs.h.  */
| #include <ac_nonexistent.h>
configure:13261: result: g++ -E
configure:13281: g++ -E  conftest.cpp
configure:13281: $? = 0
configure:13295: g++ -E  conftest.cpp
conftest.cpp:23:28: fatal error: ac_nonexistent.h: No such file or directory
 #include <ac_nonexistent.h>
                            ^
compilation terminated.
configure:13295: $? = 1
configure: failed program was:
| /* confdefs.h */
| #define PACKAGE_NAME "tautomata"
| #define PACKAGE_TARNAME "-tautomata-"
| #define PACKAGE_VERSION "v0.1 2015-02-19 18:03"
| #define PACKAGE_STRING "tautomata v0.1 2015-02-19 18:03"
| #define PACKAGE_BUGREPORT "babic.domagoj at gmail.com"
| #define PACKAGE_URL ""
| #define PACKAGE "-tautomata-"
| #define VERSION "v0.1 2015-02-19 18:03"
| #define STDC_HEADERS 1
| #define HAVE_SYS_TYPES_H 1
| #define HAVE_SYS_STAT_H 1
| #define HAVE_STDLIB_H 1
| #define HAVE_STRING_H 1
| #define HAVE_MEMORY_H 1
| #define HAVE_STRINGS_H 1
| #define HAVE_INTTYPES_H 1
| #define HAVE_STDINT_H 1
| #define HAVE_UNISTD_H 1
| #define HAVE_DLFCN_H 1
| #define LT_OBJDIR ".libs/"
| /* end confdefs.h.  */
| #include <ac_nonexistent.h>
configure:13464: checking for ld used by g++
configure:13531: result: /usr/bin/ld
configure:13538: checking if the linker (/usr/bin/ld) is GNU ld
configure:13553: result: yes
configure:13608: checking whether the g++ linker (/usr/bin/ld) supports shared libraries
configure:14610: result: yes
configure:14646: g++ -c -g -O2  conftest.cpp >&5
configure:14649: $? = 0
configure:15169: checking for g++ option to produce PIC
configure:15176: result: -fPIC -DPIC
configure:15184: checking if g++ PIC flag -fPIC -DPIC works
configure:15202: g++ -c -g -O2  -fPIC -DPIC -DPIC conftest.cpp >&5
configure:15206: $? = 0
configure:15219: result: yes
configure:15242: checking if g++ static flag -static works
configure:15270: result: yes
configure:15282: checking if g++ supports -c -o file.o
configure:15303: g++ -c -g -O2  -o out/conftest2.o conftest.cpp >&5
configure:15307: $? = 0
configure:15329: result: yes
configure:15334: checking if g++ supports -c -o file.o
configure:15381: result: yes
configure:15411: checking whether the g++ linker (/usr/bin/ld) supports shared libraries
configure:15450: result: yes
configure:15591: checking dynamic linker characteristics
configure:16259: result: GNU/Linux ld.so
configure:16312: checking how to hardcode library paths into programs
configure:16337: result: immediate
configure:16393: checking for a sed that does not truncate output
configure:16457: result: /bin/sed
configure:16462: checking for grep that handles long lines and -e
configure:16520: result: /bin/grep
configure:16525: checking whether make sets $(MAKE)
configure:16547: result: yes
configure:16559: checking for flex
configure:16577: found /usr/bin/flex
configure:16590: result: /usr/bin/flex
configure:16600: checking for bison
configure:16618: found /usr/bin/bison
configure:16631: result: /usr/bin/bison
configure:16641: checking for tar
configure:16659: found /bin/tar
configure:16672: result: /bin/tar
configure:16682: checking for rm
configure:16700: found /bin/rm
configure:16713: result: /bin/rm
configure: this is boost.m4 serial 24
configure:16780: checking for Boost headers version >= 1.33.0
configure:16851: g++ -c -g -O2  conftest.cpp >&5
configure:16851: $? = 0
configure:16872: result: yes
configure:16891: checking for Boost's header version
configure:16921: result: 1_54
configure:16933: checking for the toolset name used by Boost for g++
configure:17047: g++ -c -g -O2  conftest.cpp >&5
conftest.cpp:28:3: error: #error defined __GNUC__ && __GNUC__ == 5 && __GNUC_MINOR__ == 0 && !defined __ICC && (defined WIN32 || defined WINNT || defined _WIN32 || defined __WIN32 || defined __WIN32__ || defined __WINNT || defined __WINNT__)
 # error defined __GNUC__ && __GNUC__ == 5 && __GNUC_MINOR__ == 0 && !defined __ICC &&   (defined WIN32 || defined WINNT || defined _WIN32 || defined __WIN32          || defined __WIN32__ || defined __WINNT || defined __WINNT__)
   ^
configure:17047: $? = 1
configure: failed program was:
| /* confdefs.h */
| #define PACKAGE_NAME "tautomata"
| #define PACKAGE_TARNAME "-tautomata-"
| #define PACKAGE_VERSION "v0.1 2015-02-19 18:03"
| #define PACKAGE_STRING "tautomata v0.1 2015-02-19 18:03"
| #define PACKAGE_BUGREPORT "babic.domagoj at gmail.com"
| #define PACKAGE_URL ""
| #define PACKAGE "-tautomata-"
| #define VERSION "v0.1 2015-02-19 18:03"
| #define STDC_HEADERS 1
| #define HAVE_SYS_TYPES_H 1
| #define HAVE_SYS_STAT_H 1
| #define HAVE_STDLIB_H 1
| #define HAVE_STRING_H 1
| #define HAVE_MEMORY_H 1
| #define HAVE_STRINGS_H 1
| #define HAVE_INTTYPES_H 1
| #define HAVE_STDINT_H 1
| #define HAVE_UNISTD_H 1
| #define HAVE_DLFCN_H 1
| #define LT_OBJDIR ".libs/"
| #define HAVE_BOOST 1
| /* end confdefs.h.  */
| 
| #if defined __GNUC__ && __GNUC__ == 5 && __GNUC_MINOR__ == 0 && !defined __ICC &&   (defined WIN32 || defined WINNT || defined _WIN32 || defined __WIN32          || defined __WIN32__ || defined __WINNT || defined __WINNT__)
| /* OK */
| #else
| # error defined __GNUC__ && __GNUC__ == 5 && __GNUC_MINOR__ == 0 && !defined __ICC &&   (defined WIN32 || defined WINNT || defined _WIN32 || defined __WIN32          || defined __WIN32__ || defined __WINNT || defined __WINNT__)
| #endif
| 
| int
| main ()
| {
| 
|   ;
|   return 0;
| }
configure:17047: g++ -c -g -O2  conftest.cpp >&5
conftest.cpp:28:3: error: #error defined __GNUC__ && __GNUC__ == 5 && __GNUC_MINOR__ == 0 && !defined __ICC
 # error defined __GNUC__ && __GNUC__ == 5 && __GNUC_MINOR__ == 0 && !defined __ICC
   ^
configure:17047: $? = 1
configure: failed program was:
| /* confdefs.h */
| #define PACKAGE_NAME "tautomata"
| #define PACKAGE_TARNAME "-tautomata-"
| #define PACKAGE_VERSION "v0.1 2015-02-19 18:03"
| #define PACKAGE_STRING "tautomata v0.1 2015-02-19 18:03"
| #define PACKAGE_BUGREPORT "babic.domagoj at gmail.com"
| #define PACKAGE_URL ""
| #define PACKAGE "-tautomata-"
| #define VERSION "v0.1 2015-02-19 18:03"
| #define STDC_HEADERS 1
| #define HAVE_SYS_TYPES_H 1
| #define HAVE_SYS_STAT_H 1
| #define HAVE_STDLIB_H 1
| #define HAVE_STRING_H 1
| #define HAVE_MEMORY_H 1
| #define HAVE_STRINGS_H 1
| #define HAVE_INTTYPES_H 1
| #define HAVE_STDINT_H 1
| #define HAVE_UNISTD_H 1
| #define HAVE_DLFCN_H 1
| #define LT_OBJDIR ".libs/"
| #define HAVE_BOOST 1
| /* end confdefs.h.  */
| 
| #if defined __GNUC__ && __GNUC__ == 5 && __GNUC_MINOR__ == 0 && !defined __ICC
| /* OK */
| #else
| # error defined __GNUC__ && __GNUC__ == 5 && __GNUC_MINOR__ == 0 && !defined __ICC
| #endif
| 
| int
| main ()
| {
| 
|   ;
|   return 0;
| }
configure:17047: g++ -c -g -O2  conftest.cpp >&5
conftest.cpp:28:3: error: #error defined __GNUC__ && __GNUC__ == 4 && __GNUC_MINOR__ == 10 && !defined __ICC && (defined WIN32 || defined WINNT || defined _WIN32 || defined __WIN32 || defined __WIN32__ || defined __WINNT || defined __WINNT__)
 # error defined __GNUC__ && __GNUC__ == 4 && __GNUC_MINOR__ == 10 && !defined __ICC &&   (defined WIN32 || defined WINNT || defined _WIN32 || defined __WIN32          || defined __WIN32__ || defined __WINNT || defined __WINNT__)
   ^
configure:17047: $? = 1
configure: failed program was:
| /* confdefs.h */
| #define PACKAGE_NAME "tautomata"
| #define PACKAGE_TARNAME "-tautomata-"
| #define PACKAGE_VERSION "v0.1 2015-02-19 18:03"
| #define PACKAGE_STRING "tautomata v0.1 2015-02-19 18:03"
| #define PACKAGE_BUGREPORT "babic.domagoj at gmail.com"
| #define PACKAGE_URL ""
| #define PACKAGE "-tautomata-"
| #define VERSION "v0.1 2015-02-19 18:03"
| #define STDC_HEADERS 1
| #define HAVE_SYS_TYPES_H 1
| #define HAVE_SYS_STAT_H 1
| #define HAVE_STDLIB_H 1
| #define HAVE_STRING_H 1
| #define HAVE_MEMORY_H 1
| #define HAVE_STRINGS_H 1
| #define HAVE_INTTYPES_H 1
| #define HAVE_STDINT_H 1
| #define HAVE_UNISTD_H 1
| #define HAVE_DLFCN_H 1
| #define LT_OBJDIR ".libs/"
| #define HAVE_BOOST 1
| /* end confdefs.h.  */
| 
| #if defined __GNUC__ && __GNUC__ == 4 && __GNUC_MINOR__ == 10 && !defined __ICC &&   (defined WIN32 || defined WINNT || defined _WIN32 || defined __WIN32          || defined __WIN32__ || defined __WINNT || defined __WINNT__)
| /* OK */
| #else
| # error defined __GNUC__ && __GNUC__ == 4 && __GNUC_MINOR__ == 10 && !defined __ICC &&   (defined WIN32 || defined WINNT || defined _WIN32 || defined __WIN32          || defined __WIN32__ || defined __WINNT || defined __WINNT__)
| #endif
| 
| int
| main ()
| {
| 
|   ;
|   return 0;
| }
configure:17047: g++ -c -g -O2  conftest.cpp >&5
conftest.cpp:28:3: error: #error defined __GNUC__ && __GNUC__ == 4 && __GNUC_MINOR__ == 10 && !defined __ICC
 # error defined __GNUC__ && __GNUC__ == 4 && __GNUC_MINOR__ == 10 && !defined __ICC
   ^
configure:17047: $? = 1
configure: failed program was:
| /* confdefs.h */
| #define PACKAGE_NAME "tautomata"
| #define PACKAGE_TARNAME "-tautomata-"
| #define PACKAGE_VERSION "v0.1 2015-02-19 18:03"
| #define PACKAGE_STRING "tautomata v0.1 2015-02-19 18:03"
| #define PACKAGE_BUGREPORT "babic.domagoj at gmail.com"
| #define PACKAGE_URL ""
| #define PACKAGE "-tautomata-"
| #define VERSION "v0.1 2015-02-19 18:03"
| #define STDC_HEADERS 1
| #define HAVE_SYS_TYPES_H 1
| #define HAVE_SYS_STAT_H 1
| #define HAVE_STDLIB_H 1
| #define HAVE_STRING_H 1
| #define HAVE_MEMORY_H 1
| #define HAVE_STRINGS_H 1
| #define HAVE_INTTYPES_H 1
| #define HAVE_STDINT_H 1
| #define HAVE_UNISTD_H 1
| #define HAVE_DLFCN_H 1
| #define LT_OBJDIR ".libs/"
| #define HAVE_BOOST 1
| /* end confdefs.h.  */
| 
| #if defined __GNUC__ && __GNUC__ == 4 && __GNUC_MINOR__ == 10 && !defined __ICC
| /* OK */
| #else
| # error defined __GNUC__ && __GNUC__ == 4 && __GNUC_MINOR__ == 10 && !defined __ICC
| #endif
| 
| int
| main ()
| {
| 
|   ;
|   return 0;
| }
configure:17047: g++ -c -g -O2  conftest.cpp >&5
conftest.cpp:28:3: error: #error defined __GNUC__ && __GNUC__ == 4 && __GNUC_MINOR__ == 9 && !defined __ICC && (defined WIN32 || defined WINNT || defined _WIN32 || defined __WIN32 || defined __WIN32__ || defined __WINNT || defined __WINNT__)
 # error defined __GNUC__ && __GNUC__ == 4 && __GNUC_MINOR__ == 9 && !defined __ICC &&   (defined WIN32 || defined WINNT || defined _WIN32 || defined __WIN32          || defined __WIN32__ || defined __WINNT || defined __WINNT__)
   ^
configure:17047: $? = 1
configure: failed program was:
| /* confdefs.h */
| #define PACKAGE_NAME "tautomata"
| #define PACKAGE_TARNAME "-tautomata-"
| #define PACKAGE_VERSION "v0.1 2015-02-19 18:03"
| #define PACKAGE_STRING "tautomata v0.1 2015-02-19 18:03"
| #define PACKAGE_BUGREPORT "babic.domagoj at gmail.com"
| #define PACKAGE_URL ""
| #define PACKAGE "-tautomata-"
| #define VERSION "v0.1 2015-02-19 18:03"
| #define STDC_HEADERS 1
| #define HAVE_SYS_TYPES_H 1
| #define HAVE_SYS_STAT_H 1
| #define HAVE_STDLIB_H 1
| #define HAVE_STRING_H 1
| #define HAVE_MEMORY_H 1
| #define HAVE_STRINGS_H 1
| #define HAVE_INTTYPES_H 1
| #define HAVE_STDINT_H 1
| #define HAVE_UNISTD_H 1
| #define HAVE_DLFCN_H 1
| #define LT_OBJDIR ".libs/"
| #define HAVE_BOOST 1
| /* end confdefs.h.  */
| 
| #if defined __GNUC__ && __GNUC__ == 4 && __GNUC_MINOR__ == 9 && !defined __ICC &&   (defined WIN32 || defined WINNT || defined _WIN32 || defined __WIN32          || defined __WIN32__ || defined __WINNT || defined __WINNT__)
| /* OK */
| #else
| # error defined __GNUC__ && __GNUC__ == 4 && __GNUC_MINOR__ == 9 && !defined __ICC &&   (defined WIN32 || defined WINNT || defined _WIN32 || defined __WIN32          || defined __WIN32__ || defined __WINNT || defined __WINNT__)
| #endif
| 
| int
| main ()
| {
| 
|   ;
|   return 0;
| }
configure:17047: g++ -c -g -O2  conftest.cpp >&5
conftest.cpp:28:3: error: #error defined __GNUC__ && __GNUC__ == 4 && __GNUC_MINOR__ == 9 && !defined __ICC
 # error defined __GNUC__ && __GNUC__ == 4 && __GNUC_MINOR__ == 9 && !defined __ICC
   ^
configure:17047: $? = 1
configure: failed program was:
| /* confdefs.h */
| #define PACKAGE_NAME "tautomata"
| #define PACKAGE_TARNAME "-tautomata-"
| #define PACKAGE_VERSION "v0.1 2015-02-19 18:03"
| #define PACKAGE_STRING "tautomata v0.1 2015-02-19 18:03"
| #define PACKAGE_BUGREPORT "babic.domagoj at gmail.com"
| #define PACKAGE_URL ""
| #define PACKAGE "-tautomata-"
| #define VERSION "v0.1 2015-02-19 18:03"
| #define STDC_HEADERS 1
| #define HAVE_SYS_TYPES_H 1
| #define HAVE_SYS_STAT_H 1
| #define HAVE_STDLIB_H 1
| #define HAVE_STRING_H 1
| #define HAVE_MEMORY_H 1
| #define HAVE_STRINGS_H 1
| #define HAVE_INTTYPES_H 1
| #define HAVE_STDINT_H 1
| #define HAVE_UNISTD_H 1
| #define HAVE_DLFCN_H 1
| #define LT_OBJDIR ".libs/"
| #define HAVE_BOOST 1
| /* end confdefs.h.  */
| 
| #if defined __GNUC__ && __GNUC__ == 4 && __GNUC_MINOR__ == 9 && !defined __ICC
| /* OK */
| #else
| # error defined __GNUC__ && __GNUC__ == 4 && __GNUC_MINOR__ == 9 && !defined __ICC
| #endif
| 
| int
| main ()
| {
| 
|   ;
|   return 0;
| }
configure:17047: g++ -c -g -O2  conftest.cpp >&5
conftest.cpp:28:3: error: #error defined __GNUC__ && __GNUC__ == 4 && __GNUC_MINOR__ == 8 && !defined __ICC && (defined WIN32 || defined WINNT || defined _WIN32 || defined __WIN32 || defined __WIN32__ || defined __WINNT || defined __WINNT__)
 # error defined __GNUC__ && __GNUC__ == 4 && __GNUC_MINOR__ == 8 && !defined __ICC &&   (defined WIN32 || defined WINNT || defined _WIN32 || defined __WIN32          || defined __WIN32__ || defined __WINNT || defined __WINNT__)
   ^
configure:17047: $? = 1
configure: failed program was:
| /* confdefs.h */
| #define PACKAGE_NAME "tautomata"
| #define PACKAGE_TARNAME "-tautomata-"
| #define PACKAGE_VERSION "v0.1 2015-02-19 18:03"
| #define PACKAGE_STRING "tautomata v0.1 2015-02-19 18:03"
| #define PACKAGE_BUGREPORT "babic.domagoj at gmail.com"
| #define PACKAGE_URL ""
| #define PACKAGE "-tautomata-"
| #define VERSION "v0.1 2015-02-19 18:03"
| #define STDC_HEADERS 1
| #define HAVE_SYS_TYPES_H 1
| #define HAVE_SYS_STAT_H 1
| #define HAVE_STDLIB_H 1
| #define HAVE_STRING_H 1
| #define HAVE_MEMORY_H 1
| #define HAVE_STRINGS_H 1
| #define HAVE_INTTYPES_H 1
| #define HAVE_STDINT_H 1
| #define HAVE_UNISTD_H 1
| #define HAVE_DLFCN_H 1
| #define LT_OBJDIR ".libs/"
| #define HAVE_BOOST 1
| /* end confdefs.h.  */
| 
| #if defined __GNUC__ && __GNUC__ == 4 && __GNUC_MINOR__ == 8 && !defined __ICC &&   (defined WIN32 || defined WINNT || defined _WIN32 || defined __WIN32          || defined __WIN32__ || defined __WINNT || defined __WINNT__)
| /* OK */
| #else
| # error defined __GNUC__ && __GNUC__ == 4 && __GNUC_MINOR__ == 8 && !defined __ICC &&   (defined WIN32 || defined WINNT || defined _WIN32 || defined __WIN32          || defined __WIN32__ || defined __WINNT || defined __WINNT__)
| #endif
| 
| int
| main ()
| {
| 
|   ;
|   return 0;
| }
configure:17047: g++ -c -g -O2  conftest.cpp >&5
configure:17047: $? = 0
configure:17082: result: gcc48 -gcc
configure:17114: g++ -c -g -O2  conftest.cpp >&5
conftest.cpp:28:3: error: #error MT not needed
 # error MT not needed
   ^
configure:17114: $? = 1
configure: failed program was:
| /* confdefs.h */
| #define PACKAGE_NAME "tautomata"
| #define PACKAGE_TARNAME "-tautomata-"
| #define PACKAGE_VERSION "v0.1 2015-02-19 18:03"
| #define PACKAGE_STRING "tautomata v0.1 2015-02-19 18:03"
| #define PACKAGE_BUGREPORT "babic.domagoj at gmail.com"
| #define PACKAGE_URL ""
| #define PACKAGE "-tautomata-"
| #define VERSION "v0.1 2015-02-19 18:03"
| #define STDC_HEADERS 1
| #define HAVE_SYS_TYPES_H 1
| #define HAVE_SYS_STAT_H 1
| #define HAVE_STDLIB_H 1
| #define HAVE_STRING_H 1
| #define HAVE_MEMORY_H 1
| #define HAVE_STRINGS_H 1
| #define HAVE_INTTYPES_H 1
| #define HAVE_STDINT_H 1
| #define HAVE_UNISTD_H 1
| #define HAVE_DLFCN_H 1
| #define LT_OBJDIR ".libs/"
| #define HAVE_BOOST 1
| /* end confdefs.h.  */
| 
| #if defined _REENTRANT || defined _MT || defined __MT__
| /* use -mt */
| #else
| # error MT not needed
| #endif
| 
| int
| main ()
| {
| 
|   ;
|   return 0;
| }
configure:17146: checking boost/system/error_code.hpp usability
configure:17146: g++ -c -g -O2   conftest.cpp >&5
configure:17146: $? = 0
configure:17146: result: yes
configure:17146: checking boost/system/error_code.hpp presence
configure:17146: g++ -E   conftest.cpp
configure:17146: $? = 0
configure:17146: result: yes
configure:17146: checking for boost/system/error_code.hpp
configure:17146: result: yes
configure:17166: checking for the Boost system library
configure:17208: g++ -c -g -O2   conftest.cpp >&5
configure:17208: $? = 0
configure:17263: re-using the existing conftest.o
configure:17269: g++ -o conftest -g -O2    conftest.o -lboost_system-gcc48-mt-1_54  >&5
/usr/bin/ld: cannot find -lboost_system-gcc48-mt-1_54
collect2: error: ld returned 1 exit status
configure:17278: $? = 1
configure:17263: re-using the existing conftest.o
configure:17269: g++ -o conftest -g -O2    -L/usr/local/lib conftest.o -lboost_system-gcc48-mt-1_54  >&5
/usr/bin/ld: cannot find -lboost_system-gcc48-mt-1_54
collect2: error: ld returned 1 exit status
configure:17278: $? = 1
configure:17263: re-using the existing conftest.o
configure:17269: g++ -o conftest -g -O2    -L/usr/lib conftest.o -lboost_system-gcc48-mt-1_54  >&5
/usr/bin/ld: cannot find -lboost_system-gcc48-mt-1_54
collect2: error: ld returned 1 exit status
configure:17278: $? = 1
configure:17263: re-using the existing conftest.o
configure:17269: g++ -o conftest -g -O2    conftest.o -lboost_system-gcc48-mt-1_54  >&5
/usr/bin/ld: cannot find -lboost_system-gcc48-mt-1_54
collect2: error: ld returned 1 exit status
configure:17278: $? = 1
configure:17263: re-using the existing conftest.o
configure:17269: g++ -o conftest -g -O2    -L/lib conftest.o -lboost_system-gcc48-mt-1_54  >&5
/usr/bin/ld: cannot find -lboost_system-gcc48-mt-1_54
collect2: error: ld returned 1 exit status
configure:17278: $? = 1
configure:17263: re-using the existing conftest.o
configure:17269: g++ -o conftest -g -O2    conftest.o -lboost_system-gcc48-1_54  >&5
/usr/bin/ld: cannot find -lboost_system-gcc48-1_54
collect2: error: ld returned 1 exit status
configure:17278: $? = 1
configure:17263: re-using the existing conftest.o
configure:17269: g++ -o conftest -g -O2    -L/usr/local/lib conftest.o -lboost_system-gcc48-1_54  >&5
/usr/bin/ld: cannot find -lboost_system-gcc48-1_54
collect2: error: ld returned 1 exit status
configure:17278: $? = 1
configure:17263: re-using the existing conftest.o
configure:17269: g++ -o conftest -g -O2    -L/usr/lib conftest.o -lboost_system-gcc48-1_54  >&5
/usr/bin/ld: cannot find -lboost_system-gcc48-1_54
collect2: error: ld returned 1 exit status
configure:17278: $? = 1
configure:17263: re-using the existing conftest.o
configure:17269: g++ -o conftest -g -O2    conftest.o -lboost_system-gcc48-1_54  >&5
/usr/bin/ld: cannot find -lboost_system-gcc48-1_54
collect2: error: ld returned 1 exit status
configure:17278: $? = 1
configure:17263: re-using the existing conftest.o
configure:17269: g++ -o conftest -g -O2    -L/lib conftest.o -lboost_system-gcc48-1_54  >&5
/usr/bin/ld: cannot find -lboost_system-gcc48-1_54
collect2: error: ld returned 1 exit status
configure:17278: $? = 1
configure:17263: re-using the existing conftest.o
configure:17269: g++ -o conftest -g -O2    conftest.o -lboost_system-gcc48-mt-d-1_54  >&5
/usr/bin/ld: cannot find -lboost_system-gcc48-mt-d-1_54
collect2: error: ld returned 1 exit status
configure:17278: $? = 1
configure:17263: re-using the existing conftest.o
configure:17269: g++ -o conftest -g -O2    -L/usr/local/lib conftest.o -lboost_system-gcc48-mt-d-1_54  >&5
/usr/bin/ld: cannot find -lboost_system-gcc48-mt-d-1_54
collect2: error: ld returned 1 exit status
configure:17278: $? = 1
configure:17263: re-using the existing conftest.o
configure:17269: g++ -o conftest -g -O2    -L/usr/lib conftest.o -lboost_system-gcc48-mt-d-1_54  >&5
/usr/bin/ld: cannot find -lboost_system-gcc48-mt-d-1_54
collect2: error: ld returned 1 exit status
configure:17278: $? = 1
configure:17263: re-using the existing conftest.o
configure:17269: g++ -o conftest -g -O2    conftest.o -lboost_system-gcc48-mt-d-1_54  >&5
/usr/bin/ld: cannot find -lboost_system-gcc48-mt-d-1_54
collect2: error: ld returned 1 exit status
configure:17278: $? = 1
configure:17263: re-using the existing conftest.o
configure:17269: g++ -o conftest -g -O2    -L/lib conftest.o -lboost_system-gcc48-mt-d-1_54  >&5
/usr/bin/ld: cannot find -lboost_system-gcc48-mt-d-1_54
collect2: error: ld returned 1 exit status
configure:17278: $? = 1
configure:17263: re-using the existing conftest.o
configure:17269: g++ -o conftest -g -O2    conftest.o -lboost_system-gcc48-d-1_54  >&5
/usr/bin/ld: cannot find -lboost_system-gcc48-d-1_54
collect2: error: ld returned 1 exit status
configure:17278: $? = 1
configure:17263: re-using the existing conftest.o
configure:17269: g++ -o conftest -g -O2    -L/usr/local/lib conftest.o -lboost_system-gcc48-d-1_54  >&5
/usr/bin/ld: cannot find -lboost_system-gcc48-d-1_54
collect2: error: ld returned 1 exit status
configure:17278: $? = 1
configure:17263: re-using the existing conftest.o
configure:17269: g++ -o conftest -g -O2    -L/usr/lib conftest.o -lboost_system-gcc48-d-1_54  >&5
/usr/bin/ld: cannot find -lboost_system-gcc48-d-1_54
collect2: error: ld returned 1 exit status
configure:17278: $? = 1
configure:17263: re-using the existing conftest.o
configure:17269: g++ -o conftest -g -O2    conftest.o -lboost_system-gcc48-d-1_54  >&5
/usr/bin/ld: cannot find -lboost_system-gcc48-d-1_54
collect2: error: ld returned 1 exit status
configure:17278: $? = 1
configure:17263: re-using the existing conftest.o
configure:17269: g++ -o conftest -g -O2    -L/lib conftest.o -lboost_system-gcc48-d-1_54  >&5
/usr/bin/ld: cannot find -lboost_system-gcc48-d-1_54
collect2: error: ld returned 1 exit status
configure:17278: $? = 1
configure:17263: re-using the existing conftest.o
configure:17269: g++ -o conftest -g -O2    conftest.o -lboost_system-gcc48-mt  >&5
/usr/bin/ld: cannot find -lboost_system-gcc48-mt
collect2: error: ld returned 1 exit status
configure:17278: $? = 1
configure:17263: re-using the existing conftest.o
configure:17269: g++ -o conftest -g -O2    -L/usr/local/lib conftest.o -lboost_system-gcc48-mt  >&5
/usr/bin/ld: cannot find -lboost_system-gcc48-mt
collect2: error: ld returned 1 exit status
configure:17278: $? = 1
configure:17263: re-using the existing conftest.o
configure:17269: g++ -o conftest -g -O2    -L/usr/lib conftest.o -lboost_system-gcc48-mt  >&5
/usr/bin/ld: cannot find -lboost_system-gcc48-mt
collect2: error: ld returned 1 exit status
configure:17278: $? = 1
configure:17263: re-using the existing conftest.o
configure:17269: g++ -o conftest -g -O2    conftest.o -lboost_system-gcc48-mt  >&5
/usr/bin/ld: cannot find -lboost_system-gcc48-mt
collect2: error: ld returned 1 exit status
configure:17278: $? = 1
configure:17263: re-using the existing conftest.o
configure:17269: g++ -o conftest -g -O2    -L/lib conftest.o -lboost_system-gcc48-mt  >&5
/usr/bin/ld: cannot find -lboost_system-gcc48-mt
collect2: error: ld returned 1 exit status
configure:17278: $? = 1
configure:17263: re-using the existing conftest.o
configure:17269: g++ -o conftest -g -O2    conftest.o -lboost_system-gcc48  >&5
/usr/bin/ld: cannot find -lboost_system-gcc48
collect2: error: ld returned 1 exit status
configure:17278: $? = 1
configure:17263: re-using the existing conftest.o
configure:17269: g++ -o conftest -g -O2    -L/usr/local/lib conftest.o -lboost_system-gcc48  >&5
/usr/bin/ld: cannot find -lboost_system-gcc48
collect2: error: ld returned 1 exit status
configure:17278: $? = 1
configure:17263: re-using the existing conftest.o
configure:17269: g++ -o conftest -g -O2    -L/usr/lib conftest.o -lboost_system-gcc48  >&5
/usr/bin/ld: cannot find -lboost_system-gcc48
collect2: error: ld returned 1 exit status
configure:17278: $? = 1
configure:17263: re-using the existing conftest.o
configure:17269: g++ -o conftest -g -O2    conftest.o -lboost_system-gcc48  >&5
/usr/bin/ld: cannot find -lboost_system-gcc48
collect2: error: ld returned 1 exit status
configure:17278: $? = 1
configure:17263: re-using the existing conftest.o
configure:17269: g++ -o conftest -g -O2    -L/lib conftest.o -lboost_system-gcc48  >&5
/usr/bin/ld: cannot find -lboost_system-gcc48
collect2: error: ld returned 1 exit status
configure:17278: $? = 1
configure:17263: re-using the existing conftest.o
configure:17269: g++ -o conftest -g -O2    conftest.o -lboost_system-gcc48-mt-d  >&5
/usr/bin/ld: cannot find -lboost_system-gcc48-mt-d
collect2: error: ld returned 1 exit status
configure:17278: $? = 1
configure:17263: re-using the existing conftest.o
configure:17269: g++ -o conftest -g -O2    -L/usr/local/lib conftest.o -lboost_system-gcc48-mt-d  >&5
/usr/bin/ld: cannot find -lboost_system-gcc48-mt-d
collect2: error: ld returned 1 exit status
configure:17278: $? = 1
configure:17263: re-using the existing conftest.o
configure:17269: g++ -o conftest -g -O2    -L/usr/lib conftest.o -lboost_system-gcc48-mt-d  >&5
/usr/bin/ld: cannot find -lboost_system-gcc48-mt-d
collect2: error: ld returned 1 exit status
configure:17278: $? = 1
configure:17263: re-using the existing conftest.o
configure:17269: g++ -o conftest -g -O2    conftest.o -lboost_system-gcc48-mt-d  >&5
/usr/bin/ld: cannot find -lboost_system-gcc48-mt-d
collect2: error: ld returned 1 exit status
configure:17278: $? = 1
configure:17263: re-using the existing conftest.o
configure:17269: g++ -o conftest -g -O2    -L/lib conftest.o -lboost_system-gcc48-mt-d  >&5
/usr/bin/ld: cannot find -lboost_system-gcc48-mt-d
collect2: error: ld returned 1 exit status
configure:17278: $? = 1
configure:17263: re-using the existing conftest.o
configure:17269: g++ -o conftest -g -O2    conftest.o -lboost_system-gcc48-d  >&5
/usr/bin/ld: cannot find -lboost_system-gcc48-d
collect2: error: ld returned 1 exit status
configure:17278: $? = 1
configure:17263: re-using the existing conftest.o
configure:17269: g++ -o conftest -g -O2    -L/usr/local/lib conftest.o -lboost_system-gcc48-d  >&5
/usr/bin/ld: cannot find -lboost_system-gcc48-d
collect2: error: ld returned 1 exit status
configure:17278: $? = 1
configure:17263: re-using the existing conftest.o
configure:17269: g++ -o conftest -g -O2    -L/usr/lib conftest.o -lboost_system-gcc48-d  >&5
/usr/bin/ld: cannot find -lboost_system-gcc48-d
collect2: error: ld returned 1 exit status
configure:17278: $? = 1
configure:17263: re-using the existing conftest.o
configure:17269: g++ -o conftest -g -O2    conftest.o -lboost_system-gcc48-d  >&5
/usr/bin/ld: cannot find -lboost_system-gcc48-d
collect2: error: ld returned 1 exit status
configure:17278: $? = 1
configure:17263: re-using the existing conftest.o
configure:17269: g++ -o conftest -g -O2    -L/lib conftest.o -lboost_system-gcc48-d  >&5
/usr/bin/ld: cannot find -lboost_system-gcc48-d
collect2: error: ld returned 1 exit status
configure:17278: $? = 1
configure:17263: re-using the existing conftest.o
configure:17269: g++ -o conftest -g -O2    conftest.o -lboost_system-gcc-mt-1_54  >&5
/usr/bin/ld: cannot find -lboost_system-gcc-mt-1_54
collect2: error: ld returned 1 exit status
configure:17278: $? = 1
configure:17263: re-using the existing conftest.o
configure:17269: g++ -o conftest -g -O2    -L/usr/local/lib conftest.o -lboost_system-gcc-mt-1_54  >&5
/usr/bin/ld: cannot find -lboost_system-gcc-mt-1_54
collect2: error: ld returned 1 exit status
configure:17278: $? = 1
configure:17263: re-using the existing conftest.o
configure:17269: g++ -o conftest -g -O2    -L/usr/lib conftest.o -lboost_system-gcc-mt-1_54  >&5
/usr/bin/ld: cannot find -lboost_system-gcc-mt-1_54
collect2: error: ld returned 1 exit status
configure:17278: $? = 1
configure:17263: re-using the existing conftest.o
configure:17269: g++ -o conftest -g -O2    conftest.o -lboost_system-gcc-mt-1_54  >&5
/usr/bin/ld: cannot find -lboost_system-gcc-mt-1_54
collect2: error: ld returned 1 exit status
configure:17278: $? = 1
configure:17263: re-using the existing conftest.o
configure:17269: g++ -o conftest -g -O2    -L/lib conftest.o -lboost_system-gcc-mt-1_54  >&5
/usr/bin/ld: cannot find -lboost_system-gcc-mt-1_54
collect2: error: ld returned 1 exit status
configure:17278: $? = 1
configure:17263: re-using the existing conftest.o
configure:17269: g++ -o conftest -g -O2    conftest.o -lboost_system-gcc-1_54  >&5
/usr/bin/ld: cannot find -lboost_system-gcc-1_54
collect2: error: ld returned 1 exit status
configure:17278: $? = 1
configure:17263: re-using the existing conftest.o
configure:17269: g++ -o conftest -g -O2    -L/usr/local/lib conftest.o -lboost_system-gcc-1_54  >&5
/usr/bin/ld: cannot find -lboost_system-gcc-1_54
collect2: error: ld returned 1 exit status
configure:17278: $? = 1
configure:17263: re-using the existing conftest.o
configure:17269: g++ -o conftest -g -O2    -L/usr/lib conftest.o -lboost_system-gcc-1_54  >&5
/usr/bin/ld: cannot find -lboost_system-gcc-1_54
collect2: error: ld returned 1 exit status
configure:17278: $? = 1
configure:17263: re-using the existing conftest.o
configure:17269: g++ -o conftest -g -O2    conftest.o -lboost_system-gcc-1_54  >&5
/usr/bin/ld: cannot find -lboost_system-gcc-1_54
collect2: error: ld returned 1 exit status
configure:17278: $? = 1
configure:17263: re-using the existing conftest.o
configure:17269: g++ -o conftest -g -O2    -L/lib conftest.o -lboost_system-gcc-1_54  >&5
/usr/bin/ld: cannot find -lboost_system-gcc-1_54
collect2: error: ld returned 1 exit status
configure:17278: $? = 1
configure:17263: re-using the existing conftest.o
configure:17269: g++ -o conftest -g -O2    conftest.o -lboost_system-gcc-mt-d-1_54  >&5
/usr/bin/ld: cannot find -lboost_system-gcc-mt-d-1_54
collect2: error: ld returned 1 exit status
configure:17278: $? = 1
configure:17263: re-using the existing conftest.o
configure:17269: g++ -o conftest -g -O2    -L/usr/local/lib conftest.o -lboost_system-gcc-mt-d-1_54  >&5
/usr/bin/ld: cannot find -lboost_system-gcc-mt-d-1_54
collect2: error: ld returned 1 exit status
configure:17278: $? = 1
configure:17263: re-using the existing conftest.o
configure:17269: g++ -o conftest -g -O2    -L/usr/lib conftest.o -lboost_system-gcc-mt-d-1_54  >&5
/usr/bin/ld: cannot find -lboost_system-gcc-mt-d-1_54
collect2: error: ld returned 1 exit status
configure:17278: $? = 1
configure:17263: re-using the existing conftest.o
configure:17269: g++ -o conftest -g -O2    conftest.o -lboost_system-gcc-mt-d-1_54  >&5
/usr/bin/ld: cannot find -lboost_system-gcc-mt-d-1_54
collect2: error: ld returned 1 exit status
configure:17278: $? = 1
configure:17263: re-using the existing conftest.o
configure:17269: g++ -o conftest -g -O2    -L/lib conftest.o -lboost_system-gcc-mt-d-1_54  >&5
/usr/bin/ld: cannot find -lboost_system-gcc-mt-d-1_54
collect2: error: ld returned 1 exit status
configure:17278: $? = 1
configure:17263: re-using the existing conftest.o
configure:17269: g++ -o conftest -g -O2    conftest.o -lboost_system-gcc-d-1_54  >&5
/usr/bin/ld: cannot find -lboost_system-gcc-d-1_54
collect2: error: ld returned 1 exit status
configure:17278: $? = 1
configure:17263: re-using the existing conftest.o
configure:17269: g++ -o conftest -g -O2    -L/usr/local/lib conftest.o -lboost_system-gcc-d-1_54  >&5
/usr/bin/ld: cannot find -lboost_system-gcc-d-1_54
collect2: error: ld returned 1 exit status
configure:17278: $? = 1
configure:17263: re-using the existing conftest.o
configure:17269: g++ -o conftest -g -O2    -L/usr/lib conftest.o -lboost_system-gcc-d-1_54  >&5
/usr/bin/ld: cannot find -lboost_system-gcc-d-1_54
collect2: error: ld returned 1 exit status
configure:17278: $? = 1
configure:17263: re-using the existing conftest.o
configure:17269: g++ -o conftest -g -O2    conftest.o -lboost_system-gcc-d-1_54  >&5
/usr/bin/ld: cannot find -lboost_system-gcc-d-1_54
collect2: error: ld returned 1 exit status
configure:17278: $? = 1
configure:17263: re-using the existing conftest.o
configure:17269: g++ -o conftest -g -O2    -L/lib conftest.o -lboost_system-gcc-d-1_54  >&5
/usr/bin/ld: cannot find -lboost_system-gcc-d-1_54
collect2: error: ld returned 1 exit status
configure:17278: $? = 1
configure:17263: re-using the existing conftest.o
configure:17269: g++ -o conftest -g -O2    conftest.o -lboost_system-gcc-mt  >&5
/usr/bin/ld: cannot find -lboost_system-gcc-mt
collect2: error: ld returned 1 exit status
configure:17278: $? = 1
configure:17263: re-using the existing conftest.o
configure:17269: g++ -o conftest -g -O2    -L/usr/local/lib conftest.o -lboost_system-gcc-mt  >&5
/usr/bin/ld: cannot find -lboost_system-gcc-mt
collect2: error: ld returned 1 exit status
configure:17278: $? = 1
configure:17263: re-using the existing conftest.o
configure:17269: g++ -o conftest -g -O2    -L/usr/lib conftest.o -lboost_system-gcc-mt  >&5
/usr/bin/ld: cannot find -lboost_system-gcc-mt
collect2: error: ld returned 1 exit status
configure:17278: $? = 1
configure:17263: re-using the existing conftest.o
configure:17269: g++ -o conftest -g -O2    conftest.o -lboost_system-gcc-mt  >&5
/usr/bin/ld: cannot find -lboost_system-gcc-mt
collect2: error: ld returned 1 exit status
configure:17278: $? = 1
configure:17263: re-using the existing conftest.o
configure:17269: g++ -o conftest -g -O2    -L/lib conftest.o -lboost_system-gcc-mt  >&5
/usr/bin/ld: cannot find -lboost_system-gcc-mt
collect2: error: ld returned 1 exit status
configure:17278: $? = 1
configure:17263: re-using the existing conftest.o
configure:17269: g++ -o conftest -g -O2    conftest.o -lboost_system-gcc  >&5
/usr/bin/ld: cannot find -lboost_system-gcc
collect2: error: ld returned 1 exit status
configure:17278: $? = 1
configure:17263: re-using the existing conftest.o
configure:17269: g++ -o conftest -g -O2    -L/usr/local/lib conftest.o -lboost_system-gcc  >&5
/usr/bin/ld: cannot find -lboost_system-gcc
collect2: error: ld returned 1 exit status
configure:17278: $? = 1
configure:17263: re-using the existing conftest.o
configure:17269: g++ -o conftest -g -O2    -L/usr/lib conftest.o -lboost_system-gcc  >&5
/usr/bin/ld: cannot find -lboost_system-gcc
collect2: error: ld returned 1 exit status
configure:17278: $? = 1
configure:17263: re-using the existing conftest.o
configure:17269: g++ -o conftest -g -O2    conftest.o -lboost_system-gcc  >&5
/usr/bin/ld: cannot find -lboost_system-gcc
collect2: error: ld returned 1 exit status
configure:17278: $? = 1
configure:17263: re-using the existing conftest.o
configure:17269: g++ -o conftest -g -O2    -L/lib conftest.o -lboost_system-gcc  >&5
/usr/bin/ld: cannot find -lboost_system-gcc
collect2: error: ld returned 1 exit status
configure:17278: $? = 1
configure:17263: re-using the existing conftest.o
configure:17269: g++ -o conftest -g -O2    conftest.o -lboost_system-gcc-mt-d  >&5
/usr/bin/ld: cannot find -lboost_system-gcc-mt-d
collect2: error: ld returned 1 exit status
configure:17278: $? = 1
configure:17263: re-using the existing conftest.o
configure:17269: g++ -o conftest -g -O2    -L/usr/local/lib conftest.o -lboost_system-gcc-mt-d  >&5
/usr/bin/ld: cannot find -lboost_system-gcc-mt-d
collect2: error: ld returned 1 exit status
configure:17278: $? = 1
configure:17263: re-using the existing conftest.o
configure:17269: g++ -o conftest -g -O2    -L/usr/lib conftest.o -lboost_system-gcc-mt-d  >&5
/usr/bin/ld: cannot find -lboost_system-gcc-mt-d
collect2: error: ld returned 1 exit status
configure:17278: $? = 1
configure:17263: re-using the existing conftest.o
configure:17269: g++ -o conftest -g -O2    conftest.o -lboost_system-gcc-mt-d  >&5
/usr/bin/ld: cannot find -lboost_system-gcc-mt-d
collect2: error: ld returned 1 exit status
configure:17278: $? = 1
configure:17263: re-using the existing conftest.o
configure:17269: g++ -o conftest -g -O2    -L/lib conftest.o -lboost_system-gcc-mt-d  >&5
/usr/bin/ld: cannot find -lboost_system-gcc-mt-d
collect2: error: ld returned 1 exit status
configure:17278: $? = 1
configure:17263: re-using the existing conftest.o
configure:17269: g++ -o conftest -g -O2    conftest.o -lboost_system-gcc-d  >&5
/usr/bin/ld: cannot find -lboost_system-gcc-d
collect2: error: ld returned 1 exit status
configure:17278: $? = 1
configure:17263: re-using the existing conftest.o
configure:17269: g++ -o conftest -g -O2    -L/usr/local/lib conftest.o -lboost_system-gcc-d  >&5
/usr/bin/ld: cannot find -lboost_system-gcc-d
collect2: error: ld returned 1 exit status
configure:17278: $? = 1
configure:17263: re-using the existing conftest.o
configure:17269: g++ -o conftest -g -O2    -L/usr/lib conftest.o -lboost_system-gcc-d  >&5
/usr/bin/ld: cannot find -lboost_system-gcc-d
collect2: error: ld returned 1 exit status
configure:17278: $? = 1
configure:17263: re-using the existing conftest.o
configure:17269: g++ -o conftest -g -O2    conftest.o -lboost_system-gcc-d  >&5
/usr/bin/ld: cannot find -lboost_system-gcc-d
collect2: error: ld returned 1 exit status
configure:17278: $? = 1
configure:17263: re-using the existing conftest.o
configure:17269: g++ -o conftest -g -O2    -L/lib conftest.o -lboost_system-gcc-d  >&5
/usr/bin/ld: cannot find -lboost_system-gcc-d
collect2: error: ld returned 1 exit status
configure:17278: $? = 1
configure:17263: re-using the existing conftest.o
configure:17269: g++ -o conftest -g -O2    conftest.o -lboost_system-mt-1_54  >&5
/usr/bin/ld: cannot find -lboost_system-mt-1_54
collect2: error: ld returned 1 exit status
configure:17278: $? = 1
configure:17263: re-using the existing conftest.o
configure:17269: g++ -o conftest -g -O2    -L/usr/local/lib conftest.o -lboost_system-mt-1_54  >&5
/usr/bin/ld: cannot find -lboost_system-mt-1_54
collect2: error: ld returned 1 exit status
configure:17278: $? = 1
configure:17263: re-using the existing conftest.o
configure:17269: g++ -o conftest -g -O2    -L/usr/lib conftest.o -lboost_system-mt-1_54  >&5
/usr/bin/ld: cannot find -lboost_system-mt-1_54
collect2: error: ld returned 1 exit status
configure:17278: $? = 1
configure:17263: re-using the existing conftest.o
configure:17269: g++ -o conftest -g -O2    conftest.o -lboost_system-mt-1_54  >&5
/usr/bin/ld: cannot find -lboost_system-mt-1_54
collect2: error: ld returned 1 exit status
configure:17278: $? = 1
configure:17263: re-using the existing conftest.o
configure:17269: g++ -o conftest -g -O2    -L/lib conftest.o -lboost_system-mt-1_54  >&5
/usr/bin/ld: cannot find -lboost_system-mt-1_54
collect2: error: ld returned 1 exit status
configure:17278: $? = 1
configure:17263: re-using the existing conftest.o
configure:17269: g++ -o conftest -g -O2    conftest.o -lboost_system-1_54  >&5
/usr/bin/ld: cannot find -lboost_system-1_54
collect2: error: ld returned 1 exit status
configure:17278: $? = 1
configure:17263: re-using the existing conftest.o
configure:17269: g++ -o conftest -g -O2    -L/usr/local/lib conftest.o -lboost_system-1_54  >&5
/usr/bin/ld: cannot find -lboost_system-1_54
collect2: error: ld returned 1 exit status
configure:17278: $? = 1
configure:17263: re-using the existing conftest.o
configure:17269: g++ -o conftest -g -O2    -L/usr/lib conftest.o -lboost_system-1_54  >&5
/usr/bin/ld: cannot find -lboost_system-1_54
collect2: error: ld returned 1 exit status
configure:17278: $? = 1
configure:17263: re-using the existing conftest.o
configure:17269: g++ -o conftest -g -O2    conftest.o -lboost_system-1_54  >&5
/usr/bin/ld: cannot find -lboost_system-1_54
collect2: error: ld returned 1 exit status
configure:17278: $? = 1
configure:17263: re-using the existing conftest.o
configure:17269: g++ -o conftest -g -O2    -L/lib conftest.o -lboost_system-1_54  >&5
/usr/bin/ld: cannot find -lboost_system-1_54
collect2: error: ld returned 1 exit status
configure:17278: $? = 1
configure:17263: re-using the existing conftest.o
configure:17269: g++ -o conftest -g -O2    conftest.o -lboost_system-mt-d-1_54  >&5
/usr/bin/ld: cannot find -lboost_system-mt-d-1_54
collect2: error: ld returned 1 exit status
configure:17278: $? = 1
configure:17263: re-using the existing conftest.o
configure:17269: g++ -o conftest -g -O2    -L/usr/local/lib conftest.o -lboost_system-mt-d-1_54  >&5
/usr/bin/ld: cannot find -lboost_system-mt-d-1_54
collect2: error: ld returned 1 exit status
configure:17278: $? = 1
configure:17263: re-using the existing conftest.o
configure:17269: g++ -o conftest -g -O2    -L/usr/lib conftest.o -lboost_system-mt-d-1_54  >&5
/usr/bin/ld: cannot find -lboost_system-mt-d-1_54
collect2: error: ld returned 1 exit status
configure:17278: $? = 1
configure:17263: re-using the existing conftest.o
configure:17269: g++ -o conftest -g -O2    conftest.o -lboost_system-mt-d-1_54  >&5
/usr/bin/ld: cannot find -lboost_system-mt-d-1_54
collect2: error: ld returned 1 exit status
configure:17278: $? = 1
configure:17263: re-using the existing conftest.o
configure:17269: g++ -o conftest -g -O2    -L/lib conftest.o -lboost_system-mt-d-1_54  >&5
/usr/bin/ld: cannot find -lboost_system-mt-d-1_54
collect2: error: ld returned 1 exit status
configure:17278: $? = 1
configure:17263: re-using the existing conftest.o
configure:17269: g++ -o conftest -g -O2    conftest.o -lboost_system-d-1_54  >&5
/usr/bin/ld: cannot find -lboost_system-d-1_54
collect2: error: ld returned 1 exit status
configure:17278: $? = 1
configure:17263: re-using the existing conftest.o
configure:17269: g++ -o conftest -g -O2    -L/usr/local/lib conftest.o -lboost_system-d-1_54  >&5
/usr/bin/ld: cannot find -lboost_system-d-1_54
collect2: error: ld returned 1 exit status
configure:17278: $? = 1
configure:17263: re-using the existing conftest.o
configure:17269: g++ -o conftest -g -O2    -L/usr/lib conftest.o -lboost_system-d-1_54  >&5
/usr/bin/ld: cannot find -lboost_system-d-1_54
collect2: error: ld returned 1 exit status
configure:17278: $? = 1
configure:17263: re-using the existing conftest.o
configure:17269: g++ -o conftest -g -O2    conftest.o -lboost_system-d-1_54  >&5
/usr/bin/ld: cannot find -lboost_system-d-1_54
collect2: error: ld returned 1 exit status
configure:17278: $? = 1
configure:17263: re-using the existing conftest.o
configure:17269: g++ -o conftest -g -O2    -L/lib conftest.o -lboost_system-d-1_54  >&5
/usr/bin/ld: cannot find -lboost_system-d-1_54
collect2: error: ld returned 1 exit status
configure:17278: $? = 1
configure:17263: re-using the existing conftest.o
configure:17269: g++ -o conftest -g -O2    conftest.o -lboost_system-mt  >&5
/usr/bin/ld: cannot find -lboost_system-mt
collect2: error: ld returned 1 exit status
configure:17278: $? = 1
configure:17263: re-using the existing conftest.o
configure:17269: g++ -o conftest -g -O2    -L/usr/local/lib conftest.o -lboost_system-mt  >&5
/usr/bin/ld: cannot find -lboost_system-mt
collect2: error: ld returned 1 exit status
configure:17278: $? = 1
configure:17263: re-using the existing conftest.o
configure:17269: g++ -o conftest -g -O2    -L/usr/lib conftest.o -lboost_system-mt  >&5
/usr/bin/ld: cannot find -lboost_system-mt
collect2: error: ld returned 1 exit status
configure:17278: $? = 1
configure:17263: re-using the existing conftest.o
configure:17269: g++ -o conftest -g -O2    conftest.o -lboost_system-mt  >&5
/usr/bin/ld: cannot find -lboost_system-mt
collect2: error: ld returned 1 exit status
configure:17278: $? = 1
configure:17263: re-using the existing conftest.o
configure:17269: g++ -o conftest -g -O2    -L/lib conftest.o -lboost_system-mt  >&5
/usr/bin/ld: cannot find -lboost_system-mt
collect2: error: ld returned 1 exit status
configure:17278: $? = 1
configure:17263: re-using the existing conftest.o
configure:17269: g++ -o conftest -g -O2    conftest.o -lboost_system  >&5
configure:17278: $? = 0
configure:17389: result: yes
configure:17432: checking boost/program_options.hpp usability
configure:17432: g++ -c -g -O2   conftest.cpp >&5
configure:17432: $? = 0
configure:17432: result: yes
configure:17432: checking boost/program_options.hpp presence
configure:17432: g++ -E   conftest.cpp
configure:17432: $? = 0
configure:17432: result: yes
configure:17432: checking for boost/program_options.hpp
configure:17432: result: yes
configure:17452: checking for the Boost program_options library
configure:17494: g++ -c -g -O2   conftest.cpp >&5
configure:17494: $? = 0
configure:17549: re-using the existing conftest.o
configure:17555: g++ -o conftest -g -O2    conftest.o -lboost_program_options-gcc48-mt-1_54  >&5
/usr/bin/ld: cannot find -lboost_program_options-gcc48-mt-1_54
collect2: error: ld returned 1 exit status
configure:17564: $? = 1
configure:17549: re-using the existing conftest.o
configure:17555: g++ -o conftest -g -O2    -L/usr/local/lib conftest.o -lboost_program_options-gcc48-mt-1_54  >&5
/usr/bin/ld: cannot find -lboost_program_options-gcc48-mt-1_54
collect2: error: ld returned 1 exit status
configure:17564: $? = 1
configure:17549: re-using the existing conftest.o
configure:17555: g++ -o conftest -g -O2    -L/usr/lib conftest.o -lboost_program_options-gcc48-mt-1_54  >&5
/usr/bin/ld: cannot find -lboost_program_options-gcc48-mt-1_54
collect2: error: ld returned 1 exit status
configure:17564: $? = 1
configure:17549: re-using the existing conftest.o
configure:17555: g++ -o conftest -g -O2    conftest.o -lboost_program_options-gcc48-mt-1_54  >&5
/usr/bin/ld: cannot find -lboost_program_options-gcc48-mt-1_54
collect2: error: ld returned 1 exit status
configure:17564: $? = 1
configure:17549: re-using the existing conftest.o
configure:17555: g++ -o conftest -g -O2    -L/lib conftest.o -lboost_program_options-gcc48-mt-1_54  >&5
/usr/bin/ld: cannot find -lboost_program_options-gcc48-mt-1_54
collect2: error: ld returned 1 exit status
configure:17564: $? = 1
configure:17549: re-using the existing conftest.o
configure:17555: g++ -o conftest -g -O2    conftest.o -lboost_program_options-gcc48-1_54  >&5
/usr/bin/ld: cannot find -lboost_program_options-gcc48-1_54
collect2: error: ld returned 1 exit status
configure:17564: $? = 1
configure:17549: re-using the existing conftest.o
configure:17555: g++ -o conftest -g -O2    -L/usr/local/lib conftest.o -lboost_program_options-gcc48-1_54  >&5
/usr/bin/ld: cannot find -lboost_program_options-gcc48-1_54
collect2: error: ld returned 1 exit status
configure:17564: $? = 1
configure:17549: re-using the existing conftest.o
configure:17555: g++ -o conftest -g -O2    -L/usr/lib conftest.o -lboost_program_options-gcc48-1_54  >&5
/usr/bin/ld: cannot find -lboost_program_options-gcc48-1_54
collect2: error: ld returned 1 exit status
configure:17564: $? = 1
configure:17549: re-using the existing conftest.o
configure:17555: g++ -o conftest -g -O2    conftest.o -lboost_program_options-gcc48-1_54  >&5
/usr/bin/ld: cannot find -lboost_program_options-gcc48-1_54
collect2: error: ld returned 1 exit status
configure:17564: $? = 1
configure:17549: re-using the existing conftest.o
configure:17555: g++ -o conftest -g -O2    -L/lib conftest.o -lboost_program_options-gcc48-1_54  >&5
/usr/bin/ld: cannot find -lboost_program_options-gcc48-1_54
collect2: error: ld returned 1 exit status
configure:17564: $? = 1
configure:17549: re-using the existing conftest.o
configure:17555: g++ -o conftest -g -O2    conftest.o -lboost_program_options-gcc48-mt-d-1_54  >&5
/usr/bin/ld: cannot find -lboost_program_options-gcc48-mt-d-1_54
collect2: error: ld returned 1 exit status
configure:17564: $? = 1
configure:17549: re-using the existing conftest.o
configure:17555: g++ -o conftest -g -O2    -L/usr/local/lib conftest.o -lboost_program_options-gcc48-mt-d-1_54  >&5
/usr/bin/ld: cannot find -lboost_program_options-gcc48-mt-d-1_54
collect2: error: ld returned 1 exit status
configure:17564: $? = 1
configure:17549: re-using the existing conftest.o
configure:17555: g++ -o conftest -g -O2    -L/usr/lib conftest.o -lboost_program_options-gcc48-mt-d-1_54  >&5
/usr/bin/ld: cannot find -lboost_program_options-gcc48-mt-d-1_54
collect2: error: ld returned 1 exit status
configure:17564: $? = 1
configure:17549: re-using the existing conftest.o
configure:17555: g++ -o conftest -g -O2    conftest.o -lboost_program_options-gcc48-mt-d-1_54  >&5
/usr/bin/ld: cannot find -lboost_program_options-gcc48-mt-d-1_54
collect2: error: ld returned 1 exit status
configure:17564: $? = 1
configure:17549: re-using the existing conftest.o
configure:17555: g++ -o conftest -g -O2    -L/lib conftest.o -lboost_program_options-gcc48-mt-d-1_54  >&5
/usr/bin/ld: cannot find -lboost_program_options-gcc48-mt-d-1_54
collect2: error: ld returned 1 exit status
configure:17564: $? = 1
configure:17549: re-using the existing conftest.o
configure:17555: g++ -o conftest -g -O2    conftest.o -lboost_program_options-gcc48-d-1_54  >&5
/usr/bin/ld: cannot find -lboost_program_options-gcc48-d-1_54
collect2: error: ld returned 1 exit status
configure:17564: $? = 1
configure:17549: re-using the existing conftest.o
configure:17555: g++ -o conftest -g -O2    -L/usr/local/lib conftest.o -lboost_program_options-gcc48-d-1_54  >&5
/usr/bin/ld: cannot find -lboost_program_options-gcc48-d-1_54
collect2: error: ld returned 1 exit status
configure:17564: $? = 1
configure:17549: re-using the existing conftest.o
configure:17555: g++ -o conftest -g -O2    -L/usr/lib conftest.o -lboost_program_options-gcc48-d-1_54  >&5
/usr/bin/ld: cannot find -lboost_program_options-gcc48-d-1_54
collect2: error: ld returned 1 exit status
configure:17564: $? = 1
configure:17549: re-using the existing conftest.o
configure:17555: g++ -o conftest -g -O2    conftest.o -lboost_program_options-gcc48-d-1_54  >&5
/usr/bin/ld: cannot find -lboost_program_options-gcc48-d-1_54
collect2: error: ld returned 1 exit status
configure:17564: $? = 1
configure:17549: re-using the existing conftest.o
configure:17555: g++ -o conftest -g -O2    -L/lib conftest.o -lboost_program_options-gcc48-d-1_54  >&5
/usr/bin/ld: cannot find -lboost_program_options-gcc48-d-1_54
collect2: error: ld returned 1 exit status
configure:17564: $? = 1
configure:17549: re-using the existing conftest.o
configure:17555: g++ -o conftest -g -O2    conftest.o -lboost_program_options-gcc48-mt  >&5
/usr/bin/ld: cannot find -lboost_program_options-gcc48-mt
collect2: error: ld returned 1 exit status
configure:17564: $? = 1
configure:17549: re-using the existing conftest.o
configure:17555: g++ -o conftest -g -O2    -L/usr/local/lib conftest.o -lboost_program_options-gcc48-mt  >&5
/usr/bin/ld: cannot find -lboost_program_options-gcc48-mt
collect2: error: ld returned 1 exit status
configure:17564: $? = 1
configure:17549: re-using the existing conftest.o
configure:17555: g++ -o conftest -g -O2    -L/usr/lib conftest.o -lboost_program_options-gcc48-mt  >&5
/usr/bin/ld: cannot find -lboost_program_options-gcc48-mt
collect2: error: ld returned 1 exit status
configure:17564: $? = 1
configure:17549: re-using the existing conftest.o
configure:17555: g++ -o conftest -g -O2    conftest.o -lboost_program_options-gcc48-mt  >&5
/usr/bin/ld: cannot find -lboost_program_options-gcc48-mt
collect2: error: ld returned 1 exit status
configure:17564: $? = 1
configure:17549: re-using the existing conftest.o
configure:17555: g++ -o conftest -g -O2    -L/lib conftest.o -lboost_program_options-gcc48-mt  >&5
/usr/bin/ld: cannot find -lboost_program_options-gcc48-mt
collect2: error: ld returned 1 exit status
configure:17564: $? = 1
configure:17549: re-using the existing conftest.o
configure:17555: g++ -o conftest -g -O2    conftest.o -lboost_program_options-gcc48  >&5
/usr/bin/ld: cannot find -lboost_program_options-gcc48
collect2: error: ld returned 1 exit status
configure:17564: $? = 1
configure:17549: re-using the existing conftest.o
configure:17555: g++ -o conftest -g -O2    -L/usr/local/lib conftest.o -lboost_program_options-gcc48  >&5
/usr/bin/ld: cannot find -lboost_program_options-gcc48
collect2: error: ld returned 1 exit status
configure:17564: $? = 1
configure:17549: re-using the existing conftest.o
configure:17555: g++ -o conftest -g -O2    -L/usr/lib conftest.o -lboost_program_options-gcc48  >&5
/usr/bin/ld: cannot find -lboost_program_options-gcc48
collect2: error: ld returned 1 exit status
configure:17564: $? = 1
configure:17549: re-using the existing conftest.o
configure:17555: g++ -o conftest -g -O2    conftest.o -lboost_program_options-gcc48  >&5
/usr/bin/ld: cannot find -lboost_program_options-gcc48
collect2: error: ld returned 1 exit status
configure:17564: $? = 1
configure:17549: re-using the existing conftest.o
configure:17555: g++ -o conftest -g -O2    -L/lib conftest.o -lboost_program_options-gcc48  >&5
/usr/bin/ld: cannot find -lboost_program_options-gcc48
collect2: error: ld returned 1 exit status
configure:17564: $? = 1
configure:17549: re-using the existing conftest.o
configure:17555: g++ -o conftest -g -O2    conftest.o -lboost_program_options-gcc48-mt-d  >&5
/usr/bin/ld: cannot find -lboost_program_options-gcc48-mt-d
collect2: error: ld returned 1 exit status
configure:17564: $? = 1
configure:17549: re-using the existing conftest.o
configure:17555: g++ -o conftest -g -O2    -L/usr/local/lib conftest.o -lboost_program_options-gcc48-mt-d  >&5
/usr/bin/ld: cannot find -lboost_program_options-gcc48-mt-d
collect2: error: ld returned 1 exit status
configure:17564: $? = 1
configure:17549: re-using the existing conftest.o
configure:17555: g++ -o conftest -g -O2    -L/usr/lib conftest.o -lboost_program_options-gcc48-mt-d  >&5
/usr/bin/ld: cannot find -lboost_program_options-gcc48-mt-d
collect2: error: ld returned 1 exit status
configure:17564: $? = 1
configure:17549: re-using the existing conftest.o
configure:17555: g++ -o conftest -g -O2    conftest.o -lboost_program_options-gcc48-mt-d  >&5
/usr/bin/ld: cannot find -lboost_program_options-gcc48-mt-d
collect2: error: ld returned 1 exit status
configure:17564: $? = 1
configure:17549: re-using the existing conftest.o
configure:17555: g++ -o conftest -g -O2    -L/lib conftest.o -lboost_program_options-gcc48-mt-d  >&5
/usr/bin/ld: cannot find -lboost_program_options-gcc48-mt-d
collect2: error: ld returned 1 exit status
configure:17564: $? = 1
configure:17549: re-using the existing conftest.o
configure:17555: g++ -o conftest -g -O2    conftest.o -lboost_program_options-gcc48-d  >&5
/usr/bin/ld: cannot find -lboost_program_options-gcc48-d
collect2: error: ld returned 1 exit status
configure:17564: $? = 1
configure:17549: re-using the existing conftest.o
configure:17555: g++ -o conftest -g -O2    -L/usr/local/lib conftest.o -lboost_program_options-gcc48-d  >&5
/usr/bin/ld: cannot find -lboost_program_options-gcc48-d
collect2: error: ld returned 1 exit status
configure:17564: $? = 1
configure:17549: re-using the existing conftest.o
configure:17555: g++ -o conftest -g -O2    -L/usr/lib conftest.o -lboost_program_options-gcc48-d  >&5
/usr/bin/ld: cannot find -lboost_program_options-gcc48-d
collect2: error: ld returned 1 exit status
configure:17564: $? = 1
configure:17549: re-using the existing conftest.o
configure:17555: g++ -o conftest -g -O2    conftest.o -lboost_program_options-gcc48-d  >&5
/usr/bin/ld: cannot find -lboost_program_options-gcc48-d
collect2: error: ld returned 1 exit status
configure:17564: $? = 1
configure:17549: re-using the existing conftest.o
configure:17555: g++ -o conftest -g -O2    -L/lib conftest.o -lboost_program_options-gcc48-d  >&5
/usr/bin/ld: cannot find -lboost_program_options-gcc48-d
collect2: error: ld returned 1 exit status
configure:17564: $? = 1
configure:17549: re-using the existing conftest.o
configure:17555: g++ -o conftest -g -O2    conftest.o -lboost_program_options-gcc-mt-1_54  >&5
/usr/bin/ld: cannot find -lboost_program_options-gcc-mt-1_54
collect2: error: ld returned 1 exit status
configure:17564: $? = 1
configure:17549: re-using the existing conftest.o
configure:17555: g++ -o conftest -g -O2    -L/usr/local/lib conftest.o -lboost_program_options-gcc-mt-1_54  >&5
/usr/bin/ld: cannot find -lboost_program_options-gcc-mt-1_54
collect2: error: ld returned 1 exit status
configure:17564: $? = 1
configure:17549: re-using the existing conftest.o
configure:17555: g++ -o conftest -g -O2    -L/usr/lib conftest.o -lboost_program_options-gcc-mt-1_54  >&5
/usr/bin/ld: cannot find -lboost_program_options-gcc-mt-1_54
collect2: error: ld returned 1 exit status
configure:17564: $? = 1
configure:17549: re-using the existing conftest.o
configure:17555: g++ -o conftest -g -O2    conftest.o -lboost_program_options-gcc-mt-1_54  >&5
/usr/bin/ld: cannot find -lboost_program_options-gcc-mt-1_54
collect2: error: ld returned 1 exit status
configure:17564: $? = 1
configure:17549: re-using the existing conftest.o
configure:17555: g++ -o conftest -g -O2    -L/lib conftest.o -lboost_program_options-gcc-mt-1_54  >&5
/usr/bin/ld: cannot find -lboost_program_options-gcc-mt-1_54
collect2: error: ld returned 1 exit status
configure:17564: $? = 1
configure:17549: re-using the existing conftest.o
configure:17555: g++ -o conftest -g -O2    conftest.o -lboost_program_options-gcc-1_54  >&5
/usr/bin/ld: cannot find -lboost_program_options-gcc-1_54
collect2: error: ld returned 1 exit status
configure:17564: $? = 1
configure:17549: re-using the existing conftest.o
configure:17555: g++ -o conftest -g -O2    -L/usr/local/lib conftest.o -lboost_program_options-gcc-1_54  >&5
/usr/bin/ld: cannot find -lboost_program_options-gcc-1_54
collect2: error: ld returned 1 exit status
configure:17564: $? = 1
configure:17549: re-using the existing conftest.o
configure:17555: g++ -o conftest -g -O2    -L/usr/lib conftest.o -lboost_program_options-gcc-1_54  >&5
/usr/bin/ld: cannot find -lboost_program_options-gcc-1_54
collect2: error: ld returned 1 exit status
configure:17564: $? = 1
configure:17549: re-using the existing conftest.o
configure:17555: g++ -o conftest -g -O2    conftest.o -lboost_program_options-gcc-1_54  >&5
/usr/bin/ld: cannot find -lboost_program_options-gcc-1_54
collect2: error: ld returned 1 exit status
configure:17564: $? = 1
configure:17549: re-using the existing conftest.o
configure:17555: g++ -o conftest -g -O2    -L/lib conftest.o -lboost_program_options-gcc-1_54  >&5
/usr/bin/ld: cannot find -lboost_program_options-gcc-1_54
collect2: error: ld returned 1 exit status
configure:17564: $? = 1
configure:17549: re-using the existing conftest.o
configure:17555: g++ -o conftest -g -O2    conftest.o -lboost_program_options-gcc-mt-d-1_54  >&5
/usr/bin/ld: cannot find -lboost_program_options-gcc-mt-d-1_54
collect2: error: ld returned 1 exit status
configure:17564: $? = 1
configure:17549: re-using the existing conftest.o
configure:17555: g++ -o conftest -g -O2    -L/usr/local/lib conftest.o -lboost_program_options-gcc-mt-d-1_54  >&5
/usr/bin/ld: cannot find -lboost_program_options-gcc-mt-d-1_54
collect2: error: ld returned 1 exit status
configure:17564: $? = 1
configure:17549: re-using the existing conftest.o
configure:17555: g++ -o conftest -g -O2    -L/usr/lib conftest.o -lboost_program_options-gcc-mt-d-1_54  >&5
/usr/bin/ld: cannot find -lboost_program_options-gcc-mt-d-1_54
collect2: error: ld returned 1 exit status
configure:17564: $? = 1
configure:17549: re-using the existing conftest.o
configure:17555: g++ -o conftest -g -O2    conftest.o -lboost_program_options-gcc-mt-d-1_54  >&5
/usr/bin/ld: cannot find -lboost_program_options-gcc-mt-d-1_54
collect2: error: ld returned 1 exit status
configure:17564: $? = 1
configure:17549: re-using the existing conftest.o
configure:17555: g++ -o conftest -g -O2    -L/lib conftest.o -lboost_program_options-gcc-mt-d-1_54  >&5
/usr/bin/ld: cannot find -lboost_program_options-gcc-mt-d-1_54
collect2: error: ld returned 1 exit status
configure:17564: $? = 1
configure:17549: re-using the existing conftest.o
configure:17555: g++ -o conftest -g -O2    conftest.o -lboost_program_options-gcc-d-1_54  >&5
/usr/bin/ld: cannot find -lboost_program_options-gcc-d-1_54
collect2: error: ld returned 1 exit status
configure:17564: $? = 1
configure:17549: re-using the existing conftest.o
configure:17555: g++ -o conftest -g -O2    -L/usr/local/lib conftest.o -lboost_program_options-gcc-d-1_54  >&5
/usr/bin/ld: cannot find -lboost_program_options-gcc-d-1_54
collect2: error: ld returned 1 exit status
configure:17564: $? = 1
configure:17549: re-using the existing conftest.o
configure:17555: g++ -o conftest -g -O2    -L/usr/lib conftest.o -lboost_program_options-gcc-d-1_54  >&5
/usr/bin/ld: cannot find -lboost_program_options-gcc-d-1_54
collect2: error: ld returned 1 exit status
configure:17564: $? = 1
configure:17549: re-using the existing conftest.o
configure:17555: g++ -o conftest -g -O2    conftest.o -lboost_program_options-gcc-d-1_54  >&5
/usr/bin/ld: cannot find -lboost_program_options-gcc-d-1_54
collect2: error: ld returned 1 exit status
configure:17564: $? = 1
configure:17549: re-using the existing conftest.o
configure:17555: g++ -o conftest -g -O2    -L/lib conftest.o -lboost_program_options-gcc-d-1_54  >&5
/usr/bin/ld: cannot find -lboost_program_options-gcc-d-1_54
collect2: error: ld returned 1 exit status
configure:17564: $? = 1
configure:17549: re-using the existing conftest.o
configure:17555: g++ -o conftest -g -O2    conftest.o -lboost_program_options-gcc-mt  >&5
/usr/bin/ld: cannot find -lboost_program_options-gcc-mt
collect2: error: ld returned 1 exit status
configure:17564: $? = 1
configure:17549: re-using the existing conftest.o
configure:17555: g++ -o conftest -g -O2    -L/usr/local/lib conftest.o -lboost_program_options-gcc-mt  >&5
/usr/bin/ld: cannot find -lboost_program_options-gcc-mt
collect2: error: ld returned 1 exit status
configure:17564: $? = 1
configure:17549: re-using the existing conftest.o
configure:17555: g++ -o conftest -g -O2    -L/usr/lib conftest.o -lboost_program_options-gcc-mt  >&5
/usr/bin/ld: cannot find -lboost_program_options-gcc-mt
collect2: error: ld returned 1 exit status
configure:17564: $? = 1
configure:17549: re-using the existing conftest.o
configure:17555: g++ -o conftest -g -O2    conftest.o -lboost_program_options-gcc-mt  >&5
/usr/bin/ld: cannot find -lboost_program_options-gcc-mt
collect2: error: ld returned 1 exit status
configure:17564: $? = 1
configure:17549: re-using the existing conftest.o
configure:17555: g++ -o conftest -g -O2    -L/lib conftest.o -lboost_program_options-gcc-mt  >&5
/usr/bin/ld: cannot find -lboost_program_options-gcc-mt
collect2: error: ld returned 1 exit status
configure:17564: $? = 1
configure:17549: re-using the existing conftest.o
configure:17555: g++ -o conftest -g -O2    conftest.o -lboost_program_options-gcc  >&5
/usr/bin/ld: cannot find -lboost_program_options-gcc
collect2: error: ld returned 1 exit status
configure:17564: $? = 1
configure:17549: re-using the existing conftest.o
configure:17555: g++ -o conftest -g -O2    -L/usr/local/lib conftest.o -lboost_program_options-gcc  >&5
/usr/bin/ld: cannot find -lboost_program_options-gcc
collect2: error: ld returned 1 exit status
configure:17564: $? = 1
configure:17549: re-using the existing conftest.o
configure:17555: g++ -o conftest -g -O2    -L/usr/lib conftest.o -lboost_program_options-gcc  >&5
/usr/bin/ld: cannot find -lboost_program_options-gcc
collect2: error: ld returned 1 exit status
configure:17564: $? = 1
configure:17549: re-using the existing conftest.o
configure:17555: g++ -o conftest -g -O2    conftest.o -lboost_program_options-gcc  >&5
/usr/bin/ld: cannot find -lboost_program_options-gcc
collect2: error: ld returned 1 exit status
configure:17564: $? = 1
configure:17549: re-using the existing conftest.o
configure:17555: g++ -o conftest -g -O2    -L/lib conftest.o -lboost_program_options-gcc  >&5
/usr/bin/ld: cannot find -lboost_program_options-gcc
collect2: error: ld returned 1 exit status
configure:17564: $? = 1
configure:17549: re-using the existing conftest.o
configure:17555: g++ -o conftest -g -O2    conftest.o -lboost_program_options-gcc-mt-d  >&5
/usr/bin/ld: cannot find -lboost_program_options-gcc-mt-d
collect2: error: ld returned 1 exit status
configure:17564: $? = 1
configure:17549: re-using the existing conftest.o
configure:17555: g++ -o conftest -g -O2    -L/usr/local/lib conftest.o -lboost_program_options-gcc-mt-d  >&5
/usr/bin/ld: cannot find -lboost_program_options-gcc-mt-d
collect2: error: ld returned 1 exit status
configure:17564: $? = 1
configure:17549: re-using the existing conftest.o
configure:17555: g++ -o conftest -g -O2    -L/usr/lib conftest.o -lboost_program_options-gcc-mt-d  >&5
/usr/bin/ld: cannot find -lboost_program_options-gcc-mt-d
collect2: error: ld returned 1 exit status
configure:17564: $? = 1
configure:17549: re-using the existing conftest.o
configure:17555: g++ -o conftest -g -O2    conftest.o -lboost_program_options-gcc-mt-d  >&5
/usr/bin/ld: cannot find -lboost_program_options-gcc-mt-d
collect2: error: ld returned 1 exit status
configure:17564: $? = 1
configure:17549: re-using the existing conftest.o
configure:17555: g++ -o conftest -g -O2    -L/lib conftest.o -lboost_program_options-gcc-mt-d  >&5
/usr/bin/ld: cannot find -lboost_program_options-gcc-mt-d
collect2: error: ld returned 1 exit status
configure:17564: $? = 1
configure:17549: re-using the existing conftest.o
configure:17555: g++ -o conftest -g -O2    conftest.o -lboost_program_options-gcc-d  >&5
/usr/bin/ld: cannot find -lboost_program_options-gcc-d
collect2: error: ld returned 1 exit status
configure:17564: $? = 1
configure:17549: re-using the existing conftest.o
configure:17555: g++ -o conftest -g -O2    -L/usr/local/lib conftest.o -lboost_program_options-gcc-d  >&5
/usr/bin/ld: cannot find -lboost_program_options-gcc-d
collect2: error: ld returned 1 exit status
configure:17564: $? = 1
configure:17549: re-using the existing conftest.o
configure:17555: g++ -o conftest -g -O2    -L/usr/lib conftest.o -lboost_program_options-gcc-d  >&5
/usr/bin/ld: cannot find -lboost_program_options-gcc-d
collect2: error: ld returned 1 exit status
configure:17564: $? = 1
configure:17549: re-using the existing conftest.o
configure:17555: g++ -o conftest -g -O2    conftest.o -lboost_program_options-gcc-d  >&5
/usr/bin/ld: cannot find -lboost_program_options-gcc-d
collect2: error: ld returned 1 exit status
configure:17564: $? = 1
configure:17549: re-using the existing conftest.o
configure:17555: g++ -o conftest -g -O2    -L/lib conftest.o -lboost_program_options-gcc-d  >&5
/usr/bin/ld: cannot find -lboost_program_options-gcc-d
collect2: error: ld returned 1 exit status
configure:17564: $? = 1
configure:17549: re-using the existing conftest.o
configure:17555: g++ -o conftest -g -O2    conftest.o -lboost_program_options-mt-1_54  >&5
/usr/bin/ld: cannot find -lboost_program_options-mt-1_54
collect2: error: ld returned 1 exit status
configure:17564: $? = 1
configure:17549: re-using the existing conftest.o
configure:17555: g++ -o conftest -g -O2    -L/usr/local/lib conftest.o -lboost_program_options-mt-1_54  >&5
/usr/bin/ld: cannot find -lboost_program_options-mt-1_54
collect2: error: ld returned 1 exit status
configure:17564: $? = 1
configure:17549: re-using the existing conftest.o
configure:17555: g++ -o conftest -g -O2    -L/usr/lib conftest.o -lboost_program_options-mt-1_54  >&5
/usr/bin/ld: cannot find -lboost_program_options-mt-1_54
collect2: error: ld returned 1 exit status
configure:17564: $? = 1
configure:17549: re-using the existing conftest.o
configure:17555: g++ -o conftest -g -O2    conftest.o -lboost_program_options-mt-1_54  >&5
/usr/bin/ld: cannot find -lboost_program_options-mt-1_54
collect2: error: ld returned 1 exit status
configure:17564: $? = 1
configure:17549: re-using the existing conftest.o
configure:17555: g++ -o conftest -g -O2    -L/lib conftest.o -lboost_program_options-mt-1_54  >&5
/usr/bin/ld: cannot find -lboost_program_options-mt-1_54
collect2: error: ld returned 1 exit status
configure:17564: $? = 1
configure:17549: re-using the existing conftest.o
configure:17555: g++ -o conftest -g -O2    conftest.o -lboost_program_options-1_54  >&5
/usr/bin/ld: cannot find -lboost_program_options-1_54
collect2: error: ld returned 1 exit status
configure:17564: $? = 1
configure:17549: re-using the existing conftest.o
configure:17555: g++ -o conftest -g -O2    -L/usr/local/lib conftest.o -lboost_program_options-1_54  >&5
/usr/bin/ld: cannot find -lboost_program_options-1_54
collect2: error: ld returned 1 exit status
configure:17564: $? = 1
configure:17549: re-using the existing conftest.o
configure:17555: g++ -o conftest -g -O2    -L/usr/lib conftest.o -lboost_program_options-1_54  >&5
/usr/bin/ld: cannot find -lboost_program_options-1_54
collect2: error: ld returned 1 exit status
configure:17564: $? = 1
configure:17549: re-using the existing conftest.o
configure:17555: g++ -o conftest -g -O2    conftest.o -lboost_program_options-1_54  >&5
/usr/bin/ld: cannot find -lboost_program_options-1_54
collect2: error: ld returned 1 exit status
configure:17564: $? = 1
configure:17549: re-using the existing conftest.o
configure:17555: g++ -o conftest -g -O2    -L/lib conftest.o -lboost_program_options-1_54  >&5
/usr/bin/ld: cannot find -lboost_program_options-1_54
collect2: error: ld returned 1 exit status
configure:17564: $? = 1
configure:17549: re-using the existing conftest.o
configure:17555: g++ -o conftest -g -O2    conftest.o -lboost_program_options-mt-d-1_54  >&5
/usr/bin/ld: cannot find -lboost_program_options-mt-d-1_54
collect2: error: ld returned 1 exit status
configure:17564: $? = 1
configure:17549: re-using the existing conftest.o
configure:17555: g++ -o conftest -g -O2    -L/usr/local/lib conftest.o -lboost_program_options-mt-d-1_54  >&5
/usr/bin/ld: cannot find -lboost_program_options-mt-d-1_54
collect2: error: ld returned 1 exit status
configure:17564: $? = 1
configure:17549: re-using the existing conftest.o
configure:17555: g++ -o conftest -g -O2    -L/usr/lib conftest.o -lboost_program_options-mt-d-1_54  >&5
/usr/bin/ld: cannot find -lboost_program_options-mt-d-1_54
collect2: error: ld returned 1 exit status
configure:17564: $? = 1
configure:17549: re-using the existing conftest.o
configure:17555: g++ -o conftest -g -O2    conftest.o -lboost_program_options-mt-d-1_54  >&5
/usr/bin/ld: cannot find -lboost_program_options-mt-d-1_54
collect2: error: ld returned 1 exit status
configure:17564: $? = 1
configure:17549: re-using the existing conftest.o
configure:17555: g++ -o conftest -g -O2    -L/lib conftest.o -lboost_program_options-mt-d-1_54  >&5
/usr/bin/ld: cannot find -lboost_program_options-mt-d-1_54
collect2: error: ld returned 1 exit status
configure:17564: $? = 1
configure:17549: re-using the existing conftest.o
configure:17555: g++ -o conftest -g -O2    conftest.o -lboost_program_options-d-1_54  >&5
/usr/bin/ld: cannot find -lboost_program_options-d-1_54
collect2: error: ld returned 1 exit status
configure:17564: $? = 1
configure:17549: re-using the existing conftest.o
configure:17555: g++ -o conftest -g -O2    -L/usr/local/lib conftest.o -lboost_program_options-d-1_54  >&5
/usr/bin/ld: cannot find -lboost_program_options-d-1_54
collect2: error: ld returned 1 exit status
configure:17564: $? = 1
configure:17549: re-using the existing conftest.o
configure:17555: g++ -o conftest -g -O2    -L/usr/lib conftest.o -lboost_program_options-d-1_54  >&5
/usr/bin/ld: cannot find -lboost_program_options-d-1_54
collect2: error: ld returned 1 exit status
configure:17564: $? = 1
configure:17549: re-using the existing conftest.o
configure:17555: g++ -o conftest -g -O2    conftest.o -lboost_program_options-d-1_54  >&5
/usr/bin/ld: cannot find -lboost_program_options-d-1_54
collect2: error: ld returned 1 exit status
configure:17564: $? = 1
configure:17549: re-using the existing conftest.o
configure:17555: g++ -o conftest -g -O2    -L/lib conftest.o -lboost_program_options-d-1_54  >&5
/usr/bin/ld: cannot find -lboost_program_options-d-1_54
collect2: error: ld returned 1 exit status
configure:17564: $? = 1
configure:17549: re-using the existing conftest.o
configure:17555: g++ -o conftest -g -O2    conftest.o -lboost_program_options-mt  >&5
/usr/bin/ld: cannot find -lboost_program_options-mt
collect2: error: ld returned 1 exit status
configure:17564: $? = 1
configure:17549: re-using the existing conftest.o
configure:17555: g++ -o conftest -g -O2    -L/usr/local/lib conftest.o -lboost_program_options-mt  >&5
/usr/bin/ld: cannot find -lboost_program_options-mt
collect2: error: ld returned 1 exit status
configure:17564: $? = 1
configure:17549: re-using the existing conftest.o
configure:17555: g++ -o conftest -g -O2    -L/usr/lib conftest.o -lboost_program_options-mt  >&5
/usr/bin/ld: cannot find -lboost_program_options-mt
collect2: error: ld returned 1 exit status
configure:17564: $? = 1
configure:17549: re-using the existing conftest.o
configure:17555: g++ -o conftest -g -O2    conftest.o -lboost_program_options-mt  >&5
/usr/bin/ld: cannot find -lboost_program_options-mt
collect2: error: ld returned 1 exit status
configure:17564: $? = 1
configure:17549: re-using the existing conftest.o
configure:17555: g++ -o conftest -g -O2    -L/lib conftest.o -lboost_program_options-mt  >&5
/usr/bin/ld: cannot find -lboost_program_options-mt
collect2: error: ld returned 1 exit status
configure:17564: $? = 1
configure:17549: re-using the existing conftest.o
configure:17555: g++ -o conftest -g -O2    conftest.o -lboost_program_options  >&5
configure:17564: $? = 0
configure:17675: result: yes
configure:17722: checking for boost/system/error_code.hpp
configure:17722: result: yes
configure:17742: checking for the Boost system library
configure:17965: result: yes
configure:18013: checking boost/filesystem/path.hpp usability
configure:18013: g++ -c -g -O2   conftest.cpp >&5
configure:18013: $? = 0
configure:18013: result: yes
configure:18013: checking boost/filesystem/path.hpp presence
configure:18013: g++ -E   conftest.cpp
configure:18013: $? = 0
configure:18013: result: yes
configure:18013: checking for boost/filesystem/path.hpp
configure:18013: result: yes
configure:18033: checking for the Boost filesystem library
configure:18075: g++ -c -g -O2   conftest.cpp >&5
configure:18075: $? = 0
configure:18130: re-using the existing conftest.o
configure:18136: g++ -o conftest -g -O2     conftest.o -lboost_filesystem-gcc48-mt-1_54  -lboost_system >&5
/usr/bin/ld: cannot find -lboost_filesystem-gcc48-mt-1_54
collect2: error: ld returned 1 exit status
configure:18145: $? = 1
configure:18130: re-using the existing conftest.o
configure:18136: g++ -o conftest -g -O2     -L/usr/local/lib conftest.o -lboost_filesystem-gcc48-mt-1_54  -lboost_system >&5
/usr/bin/ld: cannot find -lboost_filesystem-gcc48-mt-1_54
collect2: error: ld returned 1 exit status
configure:18145: $? = 1
configure:18130: re-using the existing conftest.o
configure:18136: g++ -o conftest -g -O2     -L/usr/lib conftest.o -lboost_filesystem-gcc48-mt-1_54  -lboost_system >&5
/usr/bin/ld: cannot find -lboost_filesystem-gcc48-mt-1_54
collect2: error: ld returned 1 exit status
configure:18145: $? = 1
configure:18130: re-using the existing conftest.o
configure:18136: g++ -o conftest -g -O2     conftest.o -lboost_filesystem-gcc48-mt-1_54  -lboost_system >&5
/usr/bin/ld: cannot find -lboost_filesystem-gcc48-mt-1_54
collect2: error: ld returned 1 exit status
configure:18145: $? = 1
configure:18130: re-using the existing conftest.o
configure:18136: g++ -o conftest -g -O2     -L/lib conftest.o -lboost_filesystem-gcc48-mt-1_54  -lboost_system >&5
/usr/bin/ld: cannot find -lboost_filesystem-gcc48-mt-1_54
collect2: error: ld returned 1 exit status
configure:18145: $? = 1
configure:18130: re-using the existing conftest.o
configure:18136: g++ -o conftest -g -O2     conftest.o -lboost_filesystem-gcc48-1_54  -lboost_system >&5
/usr/bin/ld: cannot find -lboost_filesystem-gcc48-1_54
collect2: error: ld returned 1 exit status
configure:18145: $? = 1
configure:18130: re-using the existing conftest.o
configure:18136: g++ -o conftest -g -O2     -L/usr/local/lib conftest.o -lboost_filesystem-gcc48-1_54  -lboost_system >&5
/usr/bin/ld: cannot find -lboost_filesystem-gcc48-1_54
collect2: error: ld returned 1 exit status
configure:18145: $? = 1
configure:18130: re-using the existing conftest.o
configure:18136: g++ -o conftest -g -O2     -L/usr/lib conftest.o -lboost_filesystem-gcc48-1_54  -lboost_system >&5
/usr/bin/ld: cannot find -lboost_filesystem-gcc48-1_54
collect2: error: ld returned 1 exit status
configure:18145: $? = 1
configure:18130: re-using the existing conftest.o
configure:18136: g++ -o conftest -g -O2     conftest.o -lboost_filesystem-gcc48-1_54  -lboost_system >&5
/usr/bin/ld: cannot find -lboost_filesystem-gcc48-1_54
collect2: error: ld returned 1 exit status
configure:18145: $? = 1
configure:18130: re-using the existing conftest.o
configure:18136: g++ -o conftest -g -O2     -L/lib conftest.o -lboost_filesystem-gcc48-1_54  -lboost_system >&5
/usr/bin/ld: cannot find -lboost_filesystem-gcc48-1_54
collect2: error: ld returned 1 exit status
configure:18145: $? = 1
configure:18130: re-using the existing conftest.o
configure:18136: g++ -o conftest -g -O2     conftest.o -lboost_filesystem-gcc48-mt-d-1_54  -lboost_system >&5
/usr/bin/ld: cannot find -lboost_filesystem-gcc48-mt-d-1_54
collect2: error: ld returned 1 exit status
configure:18145: $? = 1
configure:18130: re-using the existing conftest.o
configure:18136: g++ -o conftest -g -O2     -L/usr/local/lib conftest.o -lboost_filesystem-gcc48-mt-d-1_54  -lboost_system >&5
/usr/bin/ld: cannot find -lboost_filesystem-gcc48-mt-d-1_54
collect2: error: ld returned 1 exit status
configure:18145: $? = 1
configure:18130: re-using the existing conftest.o
configure:18136: g++ -o conftest -g -O2     -L/usr/lib conftest.o -lboost_filesystem-gcc48-mt-d-1_54  -lboost_system >&5
/usr/bin/ld: cannot find -lboost_filesystem-gcc48-mt-d-1_54
collect2: error: ld returned 1 exit status
configure:18145: $? = 1
configure:18130: re-using the existing conftest.o
configure:18136: g++ -o conftest -g -O2     conftest.o -lboost_filesystem-gcc48-mt-d-1_54  -lboost_system >&5
/usr/bin/ld: cannot find -lboost_filesystem-gcc48-mt-d-1_54
collect2: error: ld returned 1 exit status
configure:18145: $? = 1
configure:18130: re-using the existing conftest.o
configure:18136: g++ -o conftest -g -O2     -L/lib conftest.o -lboost_filesystem-gcc48-mt-d-1_54  -lboost_system >&5
/usr/bin/ld: cannot find -lboost_filesystem-gcc48-mt-d-1_54
collect2: error: ld returned 1 exit status
configure:18145: $? = 1
configure:18130: re-using the existing conftest.o
configure:18136: g++ -o conftest -g -O2     conftest.o -lboost_filesystem-gcc48-d-1_54  -lboost_system >&5
/usr/bin/ld: cannot find -lboost_filesystem-gcc48-d-1_54
collect2: error: ld returned 1 exit status
configure:18145: $? = 1
configure:18130: re-using the existing conftest.o
configure:18136: g++ -o conftest -g -O2     -L/usr/local/lib conftest.o -lboost_filesystem-gcc48-d-1_54  -lboost_system >&5
/usr/bin/ld: cannot find -lboost_filesystem-gcc48-d-1_54
collect2: error: ld returned 1 exit status
configure:18145: $? = 1
configure:18130: re-using the existing conftest.o
configure:18136: g++ -o conftest -g -O2     -L/usr/lib conftest.o -lboost_filesystem-gcc48-d-1_54  -lboost_system >&5
/usr/bin/ld: cannot find -lboost_filesystem-gcc48-d-1_54
collect2: error: ld returned 1 exit status
configure:18145: $? = 1
configure:18130: re-using the existing conftest.o
configure:18136: g++ -o conftest -g -O2     conftest.o -lboost_filesystem-gcc48-d-1_54  -lboost_system >&5
/usr/bin/ld: cannot find -lboost_filesystem-gcc48-d-1_54
collect2: error: ld returned 1 exit status
configure:18145: $? = 1
configure:18130: re-using the existing conftest.o
configure:18136: g++ -o conftest -g -O2     -L/lib conftest.o -lboost_filesystem-gcc48-d-1_54  -lboost_system >&5
/usr/bin/ld: cannot find -lboost_filesystem-gcc48-d-1_54
collect2: error: ld returned 1 exit status
configure:18145: $? = 1
configure:18130: re-using the existing conftest.o
configure:18136: g++ -o conftest -g -O2     conftest.o -lboost_filesystem-gcc48-mt  -lboost_system >&5
/usr/bin/ld: cannot find -lboost_filesystem-gcc48-mt
collect2: error: ld returned 1 exit status
configure:18145: $? = 1
configure:18130: re-using the existing conftest.o
configure:18136: g++ -o conftest -g -O2     -L/usr/local/lib conftest.o -lboost_filesystem-gcc48-mt  -lboost_system >&5
/usr/bin/ld: cannot find -lboost_filesystem-gcc48-mt
collect2: error: ld returned 1 exit status
configure:18145: $? = 1
configure:18130: re-using the existing conftest.o
configure:18136: g++ -o conftest -g -O2     -L/usr/lib conftest.o -lboost_filesystem-gcc48-mt  -lboost_system >&5
/usr/bin/ld: cannot find -lboost_filesystem-gcc48-mt
collect2: error: ld returned 1 exit status
configure:18145: $? = 1
configure:18130: re-using the existing conftest.o
configure:18136: g++ -o conftest -g -O2     conftest.o -lboost_filesystem-gcc48-mt  -lboost_system >&5
/usr/bin/ld: cannot find -lboost_filesystem-gcc48-mt
collect2: error: ld returned 1 exit status
configure:18145: $? = 1
configure:18130: re-using the existing conftest.o
configure:18136: g++ -o conftest -g -O2     -L/lib conftest.o -lboost_filesystem-gcc48-mt  -lboost_system >&5
/usr/bin/ld: cannot find -lboost_filesystem-gcc48-mt
collect2: error: ld returned 1 exit status
configure:18145: $? = 1
configure:18130: re-using the existing conftest.o
configure:18136: g++ -o conftest -g -O2     conftest.o -lboost_filesystem-gcc48  -lboost_system >&5
/usr/bin/ld: cannot find -lboost_filesystem-gcc48
collect2: error: ld returned 1 exit status
configure:18145: $? = 1
configure:18130: re-using the existing conftest.o
configure:18136: g++ -o conftest -g -O2     -L/usr/local/lib conftest.o -lboost_filesystem-gcc48  -lboost_system >&5
/usr/bin/ld: cannot find -lboost_filesystem-gcc48
collect2: error: ld returned 1 exit status
configure:18145: $? = 1
configure:18130: re-using the existing conftest.o
configure:18136: g++ -o conftest -g -O2     -L/usr/lib conftest.o -lboost_filesystem-gcc48  -lboost_system >&5
/usr/bin/ld: cannot find -lboost_filesystem-gcc48
collect2: error: ld returned 1 exit status
configure:18145: $? = 1
configure:18130: re-using the existing conftest.o
configure:18136: g++ -o conftest -g -O2     conftest.o -lboost_filesystem-gcc48  -lboost_system >&5
/usr/bin/ld: cannot find -lboost_filesystem-gcc48
collect2: error: ld returned 1 exit status
configure:18145: $? = 1
configure:18130: re-using the existing conftest.o
configure:18136: g++ -o conftest -g -O2     -L/lib conftest.o -lboost_filesystem-gcc48  -lboost_system >&5
/usr/bin/ld: cannot find -lboost_filesystem-gcc48
collect2: error: ld returned 1 exit status
configure:18145: $? = 1
configure:18130: re-using the existing conftest.o
configure:18136: g++ -o conftest -g -O2     conftest.o -lboost_filesystem-gcc48-mt-d  -lboost_system >&5
/usr/bin/ld: cannot find -lboost_filesystem-gcc48-mt-d
collect2: error: ld returned 1 exit status
configure:18145: $? = 1
configure:18130: re-using the existing conftest.o
configure:18136: g++ -o conftest -g -O2     -L/usr/local/lib conftest.o -lboost_filesystem-gcc48-mt-d  -lboost_system >&5
/usr/bin/ld: cannot find -lboost_filesystem-gcc48-mt-d
collect2: error: ld returned 1 exit status
configure:18145: $? = 1
configure:18130: re-using the existing conftest.o
configure:18136: g++ -o conftest -g -O2     -L/usr/lib conftest.o -lboost_filesystem-gcc48-mt-d  -lboost_system >&5
/usr/bin/ld: cannot find -lboost_filesystem-gcc48-mt-d
collect2: error: ld returned 1 exit status
configure:18145: $? = 1
configure:18130: re-using the existing conftest.o
configure:18136: g++ -o conftest -g -O2     conftest.o -lboost_filesystem-gcc48-mt-d  -lboost_system >&5
/usr/bin/ld: cannot find -lboost_filesystem-gcc48-mt-d
collect2: error: ld returned 1 exit status
configure:18145: $? = 1
configure:18130: re-using the existing conftest.o
configure:18136: g++ -o conftest -g -O2     -L/lib conftest.o -lboost_filesystem-gcc48-mt-d  -lboost_system >&5
/usr/bin/ld: cannot find -lboost_filesystem-gcc48-mt-d
collect2: error: ld returned 1 exit status
configure:18145: $? = 1
configure:18130: re-using the existing conftest.o
configure:18136: g++ -o conftest -g -O2     conftest.o -lboost_filesystem-gcc48-d  -lboost_system >&5
/usr/bin/ld: cannot find -lboost_filesystem-gcc48-d
collect2: error: ld returned 1 exit status
configure:18145: $? = 1
configure:18130: re-using the existing conftest.o
configure:18136: g++ -o conftest -g -O2     -L/usr/local/lib conftest.o -lboost_filesystem-gcc48-d  -lboost_system >&5
/usr/bin/ld: cannot find -lboost_filesystem-gcc48-d
collect2: error: ld returned 1 exit status
configure:18145: $? = 1
configure:18130: re-using the existing conftest.o
configure:18136: g++ -o conftest -g -O2     -L/usr/lib conftest.o -lboost_filesystem-gcc48-d  -lboost_system >&5
/usr/bin/ld: cannot find -lboost_filesystem-gcc48-d
collect2: error: ld returned 1 exit status
configure:18145: $? = 1
configure:18130: re-using the existing conftest.o
configure:18136: g++ -o conftest -g -O2     conftest.o -lboost_filesystem-gcc48-d  -lboost_system >&5
/usr/bin/ld: cannot find -lboost_filesystem-gcc48-d
collect2: error: ld returned 1 exit status
configure:18145: $? = 1
configure:18130: re-using the existing conftest.o
configure:18136: g++ -o conftest -g -O2     -L/lib conftest.o -lboost_filesystem-gcc48-d  -lboost_system >&5
/usr/bin/ld: cannot find -lboost_filesystem-gcc48-d
collect2: error: ld returned 1 exit status
configure:18145: $? = 1
configure:18130: re-using the existing conftest.o
configure:18136: g++ -o conftest -g -O2     conftest.o -lboost_filesystem-gcc-mt-1_54  -lboost_system >&5
/usr/bin/ld: cannot find -lboost_filesystem-gcc-mt-1_54
collect2: error: ld returned 1 exit status
configure:18145: $? = 1
configure:18130: re-using the existing conftest.o
configure:18136: g++ -o conftest -g -O2     -L/usr/local/lib conftest.o -lboost_filesystem-gcc-mt-1_54  -lboost_system >&5
/usr/bin/ld: cannot find -lboost_filesystem-gcc-mt-1_54
collect2: error: ld returned 1 exit status
configure:18145: $? = 1
configure:18130: re-using the existing conftest.o
configure:18136: g++ -o conftest -g -O2     -L/usr/lib conftest.o -lboost_filesystem-gcc-mt-1_54  -lboost_system >&5
/usr/bin/ld: cannot find -lboost_filesystem-gcc-mt-1_54
collect2: error: ld returned 1 exit status
configure:18145: $? = 1
configure:18130: re-using the existing conftest.o
configure:18136: g++ -o conftest -g -O2     conftest.o -lboost_filesystem-gcc-mt-1_54  -lboost_system >&5
/usr/bin/ld: cannot find -lboost_filesystem-gcc-mt-1_54
collect2: error: ld returned 1 exit status
configure:18145: $? = 1
configure:18130: re-using the existing conftest.o
configure:18136: g++ -o conftest -g -O2     -L/lib conftest.o -lboost_filesystem-gcc-mt-1_54  -lboost_system >&5
/usr/bin/ld: cannot find -lboost_filesystem-gcc-mt-1_54
collect2: error: ld returned 1 exit status
configure:18145: $? = 1
configure:18130: re-using the existing conftest.o
configure:18136: g++ -o conftest -g -O2     conftest.o -lboost_filesystem-gcc-1_54  -lboost_system >&5
/usr/bin/ld: cannot find -lboost_filesystem-gcc-1_54
collect2: error: ld returned 1 exit status
configure:18145: $? = 1
configure:18130: re-using the existing conftest.o
configure:18136: g++ -o conftest -g -O2     -L/usr/local/lib conftest.o -lboost_filesystem-gcc-1_54  -lboost_system >&5
/usr/bin/ld: cannot find -lboost_filesystem-gcc-1_54
collect2: error: ld returned 1 exit status
configure:18145: $? = 1
configure:18130: re-using the existing conftest.o
configure:18136: g++ -o conftest -g -O2     -L/usr/lib conftest.o -lboost_filesystem-gcc-1_54  -lboost_system >&5
/usr/bin/ld: cannot find -lboost_filesystem-gcc-1_54
collect2: error: ld returned 1 exit status
configure:18145: $? = 1
configure:18130: re-using the existing conftest.o
configure:18136: g++ -o conftest -g -O2     conftest.o -lboost_filesystem-gcc-1_54  -lboost_system >&5
/usr/bin/ld: cannot find -lboost_filesystem-gcc-1_54
collect2: error: ld returned 1 exit status
configure:18145: $? = 1
configure:18130: re-using the existing conftest.o
configure:18136: g++ -o conftest -g -O2     -L/lib conftest.o -lboost_filesystem-gcc-1_54  -lboost_system >&5
/usr/bin/ld: cannot find -lboost_filesystem-gcc-1_54
collect2: error: ld returned 1 exit status
configure:18145: $? = 1
configure:18130: re-using the existing conftest.o
configure:18136: g++ -o conftest -g -O2     conftest.o -lboost_filesystem-gcc-mt-d-1_54  -lboost_system >&5
/usr/bin/ld: cannot find -lboost_filesystem-gcc-mt-d-1_54
collect2: error: ld returned 1 exit status
configure:18145: $? = 1
configure:18130: re-using the existing conftest.o
configure:18136: g++ -o conftest -g -O2     -L/usr/local/lib conftest.o -lboost_filesystem-gcc-mt-d-1_54  -lboost_system >&5
/usr/bin/ld: cannot find -lboost_filesystem-gcc-mt-d-1_54
collect2: error: ld returned 1 exit status
configure:18145: $? = 1
configure:18130: re-using the existing conftest.o
configure:18136: g++ -o conftest -g -O2     -L/usr/lib conftest.o -lboost_filesystem-gcc-mt-d-1_54  -lboost_system >&5
/usr/bin/ld: cannot find -lboost_filesystem-gcc-mt-d-1_54
collect2: error: ld returned 1 exit status
configure:18145: $? = 1
configure:18130: re-using the existing conftest.o
configure:18136: g++ -o conftest -g -O2     conftest.o -lboost_filesystem-gcc-mt-d-1_54  -lboost_system >&5
/usr/bin/ld: cannot find -lboost_filesystem-gcc-mt-d-1_54
collect2: error: ld returned 1 exit status
configure:18145: $? = 1
configure:18130: re-using the existing conftest.o
configure:18136: g++ -o conftest -g -O2     -L/lib conftest.o -lboost_filesystem-gcc-mt-d-1_54  -lboost_system >&5
/usr/bin/ld: cannot find -lboost_filesystem-gcc-mt-d-1_54
collect2: error: ld returned 1 exit status
configure:18145: $? = 1
configure:18130: re-using the existing conftest.o
configure:18136: g++ -o conftest -g -O2     conftest.o -lboost_filesystem-gcc-d-1_54  -lboost_system >&5
/usr/bin/ld: cannot find -lboost_filesystem-gcc-d-1_54
collect2: error: ld returned 1 exit status
configure:18145: $? = 1
configure:18130: re-using the existing conftest.o
configure:18136: g++ -o conftest -g -O2     -L/usr/local/lib conftest.o -lboost_filesystem-gcc-d-1_54  -lboost_system >&5
/usr/bin/ld: cannot find -lboost_filesystem-gcc-d-1_54
collect2: error: ld returned 1 exit status
configure:18145: $? = 1
configure:18130: re-using the existing conftest.o
configure:18136: g++ -o conftest -g -O2     -L/usr/lib conftest.o -lboost_filesystem-gcc-d-1_54  -lboost_system >&5
/usr/bin/ld: cannot find -lboost_filesystem-gcc-d-1_54
collect2: error: ld returned 1 exit status
configure:18145: $? = 1
configure:18130: re-using the existing conftest.o
configure:18136: g++ -o conftest -g -O2     conftest.o -lboost_filesystem-gcc-d-1_54  -lboost_system >&5
/usr/bin/ld: cannot find -lboost_filesystem-gcc-d-1_54
collect2: error: ld returned 1 exit status
configure:18145: $? = 1
configure:18130: re-using the existing conftest.o
configure:18136: g++ -o conftest -g -O2     -L/lib conftest.o -lboost_filesystem-gcc-d-1_54  -lboost_system >&5
/usr/bin/ld: cannot find -lboost_filesystem-gcc-d-1_54
collect2: error: ld returned 1 exit status
configure:18145: $? = 1
configure:18130: re-using the existing conftest.o
configure:18136: g++ -o conftest -g -O2     conftest.o -lboost_filesystem-gcc-mt  -lboost_system >&5
/usr/bin/ld: cannot find -lboost_filesystem-gcc-mt
collect2: error: ld returned 1 exit status
configure:18145: $? = 1
configure:18130: re-using the existing conftest.o
configure:18136: g++ -o conftest -g -O2     -L/usr/local/lib conftest.o -lboost_filesystem-gcc-mt  -lboost_system >&5
/usr/bin/ld: cannot find -lboost_filesystem-gcc-mt
collect2: error: ld returned 1 exit status
configure:18145: $? = 1
configure:18130: re-using the existing conftest.o
configure:18136: g++ -o conftest -g -O2     -L/usr/lib conftest.o -lboost_filesystem-gcc-mt  -lboost_system >&5
/usr/bin/ld: cannot find -lboost_filesystem-gcc-mt
collect2: error: ld returned 1 exit status
configure:18145: $? = 1
configure:18130: re-using the existing conftest.o
configure:18136: g++ -o conftest -g -O2     conftest.o -lboost_filesystem-gcc-mt  -lboost_system >&5
/usr/bin/ld: cannot find -lboost_filesystem-gcc-mt
collect2: error: ld returned 1 exit status
configure:18145: $? = 1
configure:18130: re-using the existing conftest.o
configure:18136: g++ -o conftest -g -O2     -L/lib conftest.o -lboost_filesystem-gcc-mt  -lboost_system >&5
/usr/bin/ld: cannot find -lboost_filesystem-gcc-mt
collect2: error: ld returned 1 exit status
configure:18145: $? = 1
configure:18130: re-using the existing conftest.o
configure:18136: g++ -o conftest -g -O2     conftest.o -lboost_filesystem-gcc  -lboost_system >&5
/usr/bin/ld: cannot find -lboost_filesystem-gcc
collect2: error: ld returned 1 exit status
configure:18145: $? = 1
configure:18130: re-using the existing conftest.o
configure:18136: g++ -o conftest -g -O2     -L/usr/local/lib conftest.o -lboost_filesystem-gcc  -lboost_system >&5
/usr/bin/ld: cannot find -lboost_filesystem-gcc
collect2: error: ld returned 1 exit status
configure:18145: $? = 1
configure:18130: re-using the existing conftest.o
configure:18136: g++ -o conftest -g -O2     -L/usr/lib conftest.o -lboost_filesystem-gcc  -lboost_system >&5
/usr/bin/ld: cannot find -lboost_filesystem-gcc
collect2: error: ld returned 1 exit status
configure:18145: $? = 1
configure:18130: re-using the existing conftest.o
configure:18136: g++ -o conftest -g -O2     conftest.o -lboost_filesystem-gcc  -lboost_system >&5
/usr/bin/ld: cannot find -lboost_filesystem-gcc
collect2: error: ld returned 1 exit status
configure:18145: $? = 1
configure:18130: re-using the existing conftest.o
configure:18136: g++ -o conftest -g -O2     -L/lib conftest.o -lboost_filesystem-gcc  -lboost_system >&5
/usr/bin/ld: cannot find -lboost_filesystem-gcc
collect2: error: ld returned 1 exit status
configure:18145: $? = 1
configure:18130: re-using the existing conftest.o
configure:18136: g++ -o conftest -g -O2     conftest.o -lboost_filesystem-gcc-mt-d  -lboost_system >&5
/usr/bin/ld: cannot find -lboost_filesystem-gcc-mt-d
collect2: error: ld returned 1 exit status
configure:18145: $? = 1
configure:18130: re-using the existing conftest.o
configure:18136: g++ -o conftest -g -O2     -L/usr/local/lib conftest.o -lboost_filesystem-gcc-mt-d  -lboost_system >&5
/usr/bin/ld: cannot find -lboost_filesystem-gcc-mt-d
collect2: error: ld returned 1 exit status
configure:18145: $? = 1
configure:18130: re-using the existing conftest.o
configure:18136: g++ -o conftest -g -O2     -L/usr/lib conftest.o -lboost_filesystem-gcc-mt-d  -lboost_system >&5
/usr/bin/ld: cannot find -lboost_filesystem-gcc-mt-d
collect2: error: ld returned 1 exit status
configure:18145: $? = 1
configure:18130: re-using the existing conftest.o
configure:18136: g++ -o conftest -g -O2     conftest.o -lboost_filesystem-gcc-mt-d  -lboost_system >&5
/usr/bin/ld: cannot find -lboost_filesystem-gcc-mt-d
collect2: error: ld returned 1 exit status
configure:18145: $? = 1
configure:18130: re-using the existing conftest.o
configure:18136: g++ -o conftest -g -O2     -L/lib conftest.o -lboost_filesystem-gcc-mt-d  -lboost_system >&5
/usr/bin/ld: cannot find -lboost_filesystem-gcc-mt-d
collect2: error: ld returned 1 exit status
configure:18145: $? = 1
configure:18130: re-using the existing conftest.o
configure:18136: g++ -o conftest -g -O2     conftest.o -lboost_filesystem-gcc-d  -lboost_system >&5
/usr/bin/ld: cannot find -lboost_filesystem-gcc-d
collect2: error: ld returned 1 exit status
configure:18145: $? = 1
configure:18130: re-using the existing conftest.o
configure:18136: g++ -o conftest -g -O2     -L/usr/local/lib conftest.o -lboost_filesystem-gcc-d  -lboost_system >&5
/usr/bin/ld: cannot find -lboost_filesystem-gcc-d
collect2: error: ld returned 1 exit status
configure:18145: $? = 1
configure:18130: re-using the existing conftest.o
configure:18136: g++ -o conftest -g -O2     -L/usr/lib conftest.o -lboost_filesystem-gcc-d  -lboost_system >&5
/usr/bin/ld: cannot find -lboost_filesystem-gcc-d
collect2: error: ld returned 1 exit status
configure:18145: $? = 1
configure:18130: re-using the existing conftest.o
configure:18136: g++ -o conftest -g -O2     conftest.o -lboost_filesystem-gcc-d  -lboost_system >&5
/usr/bin/ld: cannot find -lboost_filesystem-gcc-d
collect2: error: ld returned 1 exit status
configure:18145: $? = 1
configure:18130: re-using the existing conftest.o
configure:18136: g++ -o conftest -g -O2     -L/lib conftest.o -lboost_filesystem-gcc-d  -lboost_system >&5
/usr/bin/ld: cannot find -lboost_filesystem-gcc-d
collect2: error: ld returned 1 exit status
configure:18145: $? = 1
configure:18130: re-using the existing conftest.o
configure:18136: g++ -o conftest -g -O2     conftest.o -lboost_filesystem-mt-1_54  -lboost_system >&5
/usr/bin/ld: cannot find -lboost_filesystem-mt-1_54
collect2: error: ld returned 1 exit status
configure:18145: $? = 1
configure:18130: re-using the existing conftest.o
configure:18136: g++ -o conftest -g -O2     -L/usr/local/lib conftest.o -lboost_filesystem-mt-1_54  -lboost_system >&5
/usr/bin/ld: cannot find -lboost_filesystem-mt-1_54
collect2: error: ld returned 1 exit status
configure:18145: $? = 1
configure:18130: re-using the existing conftest.o
configure:18136: g++ -o conftest -g -O2     -L/usr/lib conftest.o -lboost_filesystem-mt-1_54  -lboost_system >&5
/usr/bin/ld: cannot find -lboost_filesystem-mt-1_54
collect2: error: ld returned 1 exit status
configure:18145: $? = 1
configure:18130: re-using the existing conftest.o
configure:18136: g++ -o conftest -g -O2     conftest.o -lboost_filesystem-mt-1_54  -lboost_system >&5
/usr/bin/ld: cannot find -lboost_filesystem-mt-1_54
collect2: error: ld returned 1 exit status
configure:18145: $? = 1
configure:18130: re-using the existing conftest.o
configure:18136: g++ -o conftest -g -O2     -L/lib conftest.o -lboost_filesystem-mt-1_54  -lboost_system >&5
/usr/bin/ld: cannot find -lboost_filesystem-mt-1_54
collect2: error: ld returned 1 exit status
configure:18145: $? = 1
configure:18130: re-using the existing conftest.o
configure:18136: g++ -o conftest -g -O2     conftest.o -lboost_filesystem-1_54  -lboost_system >&5
/usr/bin/ld: cannot find -lboost_filesystem-1_54
collect2: error: ld returned 1 exit status
configure:18145: $? = 1
configure:18130: re-using the existing conftest.o
configure:18136: g++ -o conftest -g -O2     -L/usr/local/lib conftest.o -lboost_filesystem-1_54  -lboost_system >&5
/usr/bin/ld: cannot find -lboost_filesystem-1_54
collect2: error: ld returned 1 exit status
configure:18145: $? = 1
configure:18130: re-using the existing conftest.o
configure:18136: g++ -o conftest -g -O2     -L/usr/lib conftest.o -lboost_filesystem-1_54  -lboost_system >&5
/usr/bin/ld: cannot find -lboost_filesystem-1_54
collect2: error: ld returned 1 exit status
configure:18145: $? = 1
configure:18130: re-using the existing conftest.o
configure:18136: g++ -o conftest -g -O2     conftest.o -lboost_filesystem-1_54  -lboost_system >&5
/usr/bin/ld: cannot find -lboost_filesystem-1_54
collect2: error: ld returned 1 exit status
configure:18145: $? = 1
configure:18130: re-using the existing conftest.o
configure:18136: g++ -o conftest -g -O2     -L/lib conftest.o -lboost_filesystem-1_54  -lboost_system >&5
/usr/bin/ld: cannot find -lboost_filesystem-1_54
collect2: error: ld returned 1 exit status
configure:18145: $? = 1
configure:18130: re-using the existing conftest.o
configure:18136: g++ -o conftest -g -O2     conftest.o -lboost_filesystem-mt-d-1_54  -lboost_system >&5
/usr/bin/ld: cannot find -lboost_filesystem-mt-d-1_54
collect2: error: ld returned 1 exit status
configure:18145: $? = 1
configure:18130: re-using the existing conftest.o
configure:18136: g++ -o conftest -g -O2     -L/usr/local/lib conftest.o -lboost_filesystem-mt-d-1_54  -lboost_system >&5
/usr/bin/ld: cannot find -lboost_filesystem-mt-d-1_54
collect2: error: ld returned 1 exit status
configure:18145: $? = 1
configure:18130: re-using the existing conftest.o
configure:18136: g++ -o conftest -g -O2     -L/usr/lib conftest.o -lboost_filesystem-mt-d-1_54  -lboost_system >&5
/usr/bin/ld: cannot find -lboost_filesystem-mt-d-1_54
collect2: error: ld returned 1 exit status
configure:18145: $? = 1
configure:18130: re-using the existing conftest.o
configure:18136: g++ -o conftest -g -O2     conftest.o -lboost_filesystem-mt-d-1_54  -lboost_system >&5
/usr/bin/ld: cannot find -lboost_filesystem-mt-d-1_54
collect2: error: ld returned 1 exit status
configure:18145: $? = 1
configure:18130: re-using the existing conftest.o
configure:18136: g++ -o conftest -g -O2     -L/lib conftest.o -lboost_filesystem-mt-d-1_54  -lboost_system >&5
/usr/bin/ld: cannot find -lboost_filesystem-mt-d-1_54
collect2: error: ld returned 1 exit status
configure:18145: $? = 1
configure:18130: re-using the existing conftest.o
configure:18136: g++ -o conftest -g -O2     conftest.o -lboost_filesystem-d-1_54  -lboost_system >&5
/usr/bin/ld: cannot find -lboost_filesystem-d-1_54
collect2: error: ld returned 1 exit status
configure:18145: $? = 1
configure:18130: re-using the existing conftest.o
configure:18136: g++ -o conftest -g -O2     -L/usr/local/lib conftest.o -lboost_filesystem-d-1_54  -lboost_system >&5
/usr/bin/ld: cannot find -lboost_filesystem-d-1_54
collect2: error: ld returned 1 exit status
configure:18145: $? = 1
configure:18130: re-using the existing conftest.o
configure:18136: g++ -o conftest -g -O2     -L/usr/lib conftest.o -lboost_filesystem-d-1_54  -lboost_system >&5
/usr/bin/ld: cannot find -lboost_filesystem-d-1_54
collect2: error: ld returned 1 exit status
configure:18145: $? = 1
configure:18130: re-using the existing conftest.o
configure:18136: g++ -o conftest -g -O2     conftest.o -lboost_filesystem-d-1_54  -lboost_system >&5
/usr/bin/ld: cannot find -lboost_filesystem-d-1_54
collect2: error: ld returned 1 exit status
configure:18145: $? = 1
configure:18130: re-using the existing conftest.o
configure:18136: g++ -o conftest -g -O2     -L/lib conftest.o -lboost_filesystem-d-1_54  -lboost_system >&5
/usr/bin/ld: cannot find -lboost_filesystem-d-1_54
collect2: error: ld returned 1 exit status
configure:18145: $? = 1
configure:18130: re-using the existing conftest.o
configure:18136: g++ -o conftest -g -O2     conftest.o -lboost_filesystem-mt  -lboost_system >&5
/usr/bin/ld: cannot find -lboost_filesystem-mt
collect2: error: ld returned 1 exit status
configure:18145: $? = 1
configure:18130: re-using the existing conftest.o
configure:18136: g++ -o conftest -g -O2     -L/usr/local/lib conftest.o -lboost_filesystem-mt  -lboost_system >&5
/usr/bin/ld: cannot find -lboost_filesystem-mt
collect2: error: ld returned 1 exit status
configure:18145: $? = 1
configure:18130: re-using the existing conftest.o
configure:18136: g++ -o conftest -g -O2     -L/usr/lib conftest.o -lboost_filesystem-mt  -lboost_system >&5
/usr/bin/ld: cannot find -lboost_filesystem-mt
collect2: error: ld returned 1 exit status
configure:18145: $? = 1
configure:18130: re-using the existing conftest.o
configure:18136: g++ -o conftest -g -O2     conftest.o -lboost_filesystem-mt  -lboost_system >&5
/usr/bin/ld: cannot find -lboost_filesystem-mt
collect2: error: ld returned 1 exit status
configure:18145: $? = 1
configure:18130: re-using the existing conftest.o
configure:18136: g++ -o conftest -g -O2     -L/lib conftest.o -lboost_filesystem-mt  -lboost_system >&5
/usr/bin/ld: cannot find -lboost_filesystem-mt
collect2: error: ld returned 1 exit status
configure:18145: $? = 1
configure:18130: re-using the existing conftest.o
configure:18136: g++ -o conftest -g -O2     conftest.o -lboost_filesystem  -lboost_system >&5
configure:18145: $? = 0
configure:18256: result: yes
configure:18295: checking boost/scoped_ptr.hpp usability
configure:18295: g++ -c -g -O2   conftest.cpp >&5
configure:18295: $? = 0
configure:18295: result: yes
configure:18295: checking boost/scoped_ptr.hpp presence
configure:18295: g++ -E   conftest.cpp
configure:18295: $? = 0
configure:18295: result: yes
configure:18295: checking for boost/scoped_ptr.hpp
configure:18295: result: yes
configure:18324: checking boost/shared_ptr.hpp usability
configure:18324: g++ -c -g -O2   conftest.cpp >&5
configure:18324: $? = 0
configure:18324: result: yes
configure:18324: checking boost/shared_ptr.hpp presence
configure:18324: g++ -E   conftest.cpp
configure:18324: $? = 0
configure:18324: result: yes
configure:18324: checking for boost/shared_ptr.hpp
configure:18324: result: yes
configure:18353: checking tr1/cstdint usability
configure:18353: g++ -c -g -O2  conftest.cpp >&5
configure:18353: $? = 0
configure:18353: result: yes
configure:18353: checking tr1/cstdint presence
configure:18353: g++ -E  conftest.cpp
configure:18353: $? = 0
configure:18353: result: yes
configure:18353: checking for tr1/cstdint
configure:18353: result: yes
configure:18365: checking tr1/unordered_map usability
configure:18365: g++ -c -g -O2  conftest.cpp >&5
configure:18365: $? = 0
configure:18365: result: yes
configure:18365: checking tr1/unordered_map presence
configure:18365: g++ -E  conftest.cpp
configure:18365: $? = 0
configure:18365: result: yes
configure:18365: checking for tr1/unordered_map
configure:18365: result: yes
configure:18377: checking tr1/unordered_set usability
configure:18377: g++ -c -g -O2  conftest.cpp >&5
configure:18377: $? = 0
configure:18377: result: yes
configure:18377: checking tr1/unordered_set presence
configure:18377: g++ -E  conftest.cpp
configure:18377: $? = 0
configure:18377: result: yes
configure:18377: checking for tr1/unordered_set
configure:18377: result: yes
configure:18389: checking tr1/random usability
configure:18389: g++ -c -g -O2  conftest.cpp >&5
configure:18389: $? = 0
configure:18389: result: yes
configure:18389: checking tr1/random presence
configure:18389: g++ -E  conftest.cpp
configure:18389: $? = 0
configure:18389: result: yes
configure:18389: checking for tr1/random
configure:18389: result: yes
configure:18409: checking for stdbool.h that conforms to C99
configure:18476: g++ -c -g -O2  conftest.cpp >&5
configure:18476: $? = 0
configure:18483: result: yes
configure:18485: checking for _Bool
configure:18485: g++ -c -g -O2  conftest.cpp >&5
conftest.cpp: In function 'int main()':
conftest.cpp:70:13: error: '_Bool' was not declared in this scope
 if (sizeof (_Bool))
             ^
configure:18485: $? = 1
configure: failed program was:
| /* confdefs.h */
| #define PACKAGE_NAME "tautomata"
| #define PACKAGE_TARNAME "-tautomata-"
| #define PACKAGE_VERSION "v0.1 2015-02-19 18:03"
| #define PACKAGE_STRING "tautomata v0.1 2015-02-19 18:03"
| #define PACKAGE_BUGREPORT "babic.domagoj at gmail.com"
| #define PACKAGE_URL ""
| #define PACKAGE "-tautomata-"
| #define VERSION "v0.1 2015-02-19 18:03"
| #define STDC_HEADERS 1
| #define HAVE_SYS_TYPES_H 1
| #define HAVE_SYS_STAT_H 1
| #define HAVE_STDLIB_H 1
| #define HAVE_STRING_H 1
| #define HAVE_MEMORY_H 1
| #define HAVE_STRINGS_H 1
| #define HAVE_INTTYPES_H 1
| #define HAVE_STDINT_H 1
| #define HAVE_UNISTD_H 1
| #define HAVE_DLFCN_H 1
| #define LT_OBJDIR ".libs/"
| #define HAVE_BOOST 1
| #define HAVE_BOOST_SYSTEM_ERROR_CODE_HPP 1
| #define HAVE_BOOST_PROGRAM_OPTIONS_HPP 1
| #define HAVE_BOOST_SYSTEM_ERROR_CODE_HPP 1
| #define HAVE_BOOST_FILESYSTEM_PATH_HPP 1
| #define HAVE_BOOST_SCOPED_PTR_HPP 1
| #define HAVE_BOOST_SHARED_PTR_HPP 1
| #define HAVE_TR1_CSTDINT 1
| #define HAVE_TR1_UNORDERED_MAP 1
| #define HAVE_TR1_UNORDERED_SET 1
| #define HAVE_TR1_RANDOM 1
| /* end confdefs.h.  */
| #include <stdio.h>
| #ifdef HAVE_SYS_TYPES_H
| # include <sys/types.h>
| #endif
| #ifdef HAVE_SYS_STAT_H
| # include <sys/stat.h>
| #endif
| #ifdef STDC_HEADERS
| # include <stdlib.h>
| # include <stddef.h>
| #else
| # ifdef HAVE_STDLIB_H
| #  include <stdlib.h>
| # endif
| #endif
| #ifdef HAVE_STRING_H
| # if !defined STDC_HEADERS && defined HAVE_MEMORY_H
| #  include <memory.h>
| # endif
| # include <string.h>
| #endif
| #ifdef HAVE_STRINGS_H
| # include <strings.h>
| #endif
| #ifdef HAVE_INTTYPES_H
| # include <inttypes.h>
| #endif
| #ifdef HAVE_STDINT_H
| # include <stdint.h>
| #endif
| #ifdef HAVE_UNISTD_H
| # include <unistd.h>
| #endif
| int
| main ()
| {
| if (sizeof (_Bool))
| 	 return 0;
|   ;
|   return 0;
| }
configure:18485: result: no
configure:18502: checking for an ANSI C-conforming const
configure:18568: g++ -c -g -O2  conftest.cpp >&5
configure:18568: $? = 0
configure:18575: result: yes
configure:18583: checking for inline
configure:18599: g++ -c -g -O2  conftest.cpp >&5
configure:18599: $? = 0
configure:18607: result: inline
configure:18625: checking for int8_t
configure:18625: g++ -c -g -O2  conftest.cpp >&5
configure:18625: $? = 0
configure:18625: g++ -c -g -O2  conftest.cpp >&5
conftest.cpp: In function 'int main()':
conftest.cpp:73:56: error: size of array 'test_array' is negative
    < (int8_t) (((((int8_t) 1 << N) << N) - 1) * 2 + 2))];
                                                        ^
configure:18625: $? = 1
configure: failed program was:
| /* confdefs.h */
| #define PACKAGE_NAME "tautomata"
| #define PACKAGE_TARNAME "-tautomata-"
| #define PACKAGE_VERSION "v0.1 2015-02-19 18:03"
| #define PACKAGE_STRING "tautomata v0.1 2015-02-19 18:03"
| #define PACKAGE_BUGREPORT "babic.domagoj at gmail.com"
| #define PACKAGE_URL ""
| #define PACKAGE "-tautomata-"
| #define VERSION "v0.1 2015-02-19 18:03"
| #define STDC_HEADERS 1
| #define HAVE_SYS_TYPES_H 1
| #define HAVE_SYS_STAT_H 1
| #define HAVE_STDLIB_H 1
| #define HAVE_STRING_H 1
| #define HAVE_MEMORY_H 1
| #define HAVE_STRINGS_H 1
| #define HAVE_INTTYPES_H 1
| #define HAVE_STDINT_H 1
| #define HAVE_UNISTD_H 1
| #define HAVE_DLFCN_H 1
| #define LT_OBJDIR ".libs/"
| #define HAVE_BOOST 1
| #define HAVE_BOOST_SYSTEM_ERROR_CODE_HPP 1
| #define HAVE_BOOST_PROGRAM_OPTIONS_HPP 1
| #define HAVE_BOOST_SYSTEM_ERROR_CODE_HPP 1
| #define HAVE_BOOST_FILESYSTEM_PATH_HPP 1
| #define HAVE_BOOST_SCOPED_PTR_HPP 1
| #define HAVE_BOOST_SHARED_PTR_HPP 1
| #define HAVE_TR1_CSTDINT 1
| #define HAVE_TR1_UNORDERED_MAP 1
| #define HAVE_TR1_UNORDERED_SET 1
| #define HAVE_TR1_RANDOM 1
| #define HAVE_STDBOOL_H 1
| /* end confdefs.h.  */
| #include <stdio.h>
| #ifdef HAVE_SYS_TYPES_H
| # include <sys/types.h>
| #endif
| #ifdef HAVE_SYS_STAT_H
| # include <sys/stat.h>
| #endif
| #ifdef STDC_HEADERS
| # include <stdlib.h>
| # include <stddef.h>
| #else
| # ifdef HAVE_STDLIB_H
| #  include <stdlib.h>
| # endif
| #endif
| #ifdef HAVE_STRING_H
| # if !defined STDC_HEADERS && defined HAVE_MEMORY_H
| #  include <memory.h>
| # endif
| # include <string.h>
| #endif
| #ifdef HAVE_STRINGS_H
| # include <strings.h>
| #endif
| #ifdef HAVE_INTTYPES_H
| # include <inttypes.h>
| #endif
| #ifdef HAVE_STDINT_H
| # include <stdint.h>
| #endif
| #ifdef HAVE_UNISTD_H
| # include <unistd.h>
| #endif
| 	        enum { N = 8 / 2 - 1 };
| int
| main ()
| {
| static int test_array [1 - 2 * !((int8_t) (((((int8_t) 1 << N) << N) - 1) * 2 + 1)
| 		 < (int8_t) (((((int8_t) 1 << N) << N) - 1) * 2 + 2))];
| test_array [0] = 0;
| return test_array [0];
| 
|   ;
|   return 0;
| }
configure:18625: result: yes
configure:18636: checking for int16_t
configure:18636: g++ -c -g -O2  conftest.cpp >&5
configure:18636: $? = 0
configure:18636: g++ -c -g -O2  conftest.cpp >&5
conftest.cpp: In function 'int main()':
conftest.cpp:73:58: error: size of array 'test_array' is negative
    < (int16_t) (((((int16_t) 1 << N) << N) - 1) * 2 + 2))];
                                                          ^
configure:18636: $? = 1
configure: failed program was:
| /* confdefs.h */
| #define PACKAGE_NAME "tautomata"
| #define PACKAGE_TARNAME "-tautomata-"
| #define PACKAGE_VERSION "v0.1 2015-02-19 18:03"
| #define PACKAGE_STRING "tautomata v0.1 2015-02-19 18:03"
| #define PACKAGE_BUGREPORT "babic.domagoj at gmail.com"
| #define PACKAGE_URL ""
| #define PACKAGE "-tautomata-"
| #define VERSION "v0.1 2015-02-19 18:03"
| #define STDC_HEADERS 1
| #define HAVE_SYS_TYPES_H 1
| #define HAVE_SYS_STAT_H 1
| #define HAVE_STDLIB_H 1
| #define HAVE_STRING_H 1
| #define HAVE_MEMORY_H 1
| #define HAVE_STRINGS_H 1
| #define HAVE_INTTYPES_H 1
| #define HAVE_STDINT_H 1
| #define HAVE_UNISTD_H 1
| #define HAVE_DLFCN_H 1
| #define LT_OBJDIR ".libs/"
| #define HAVE_BOOST 1
| #define HAVE_BOOST_SYSTEM_ERROR_CODE_HPP 1
| #define HAVE_BOOST_PROGRAM_OPTIONS_HPP 1
| #define HAVE_BOOST_SYSTEM_ERROR_CODE_HPP 1
| #define HAVE_BOOST_FILESYSTEM_PATH_HPP 1
| #define HAVE_BOOST_SCOPED_PTR_HPP 1
| #define HAVE_BOOST_SHARED_PTR_HPP 1
| #define HAVE_TR1_CSTDINT 1
| #define HAVE_TR1_UNORDERED_MAP 1
| #define HAVE_TR1_UNORDERED_SET 1
| #define HAVE_TR1_RANDOM 1
| #define HAVE_STDBOOL_H 1
| /* end confdefs.h.  */
| #include <stdio.h>
| #ifdef HAVE_SYS_TYPES_H
| # include <sys/types.h>
| #endif
| #ifdef HAVE_SYS_STAT_H
| # include <sys/stat.h>
| #endif
| #ifdef STDC_HEADERS
| # include <stdlib.h>
| # include <stddef.h>
| #else
| # ifdef HAVE_STDLIB_H
| #  include <stdlib.h>
| # endif
| #endif
| #ifdef HAVE_STRING_H
| # if !defined STDC_HEADERS && defined HAVE_MEMORY_H
| #  include <memory.h>
| # endif
| # include <string.h>
| #endif
| #ifdef HAVE_STRINGS_H
| # include <strings.h>
| #endif
| #ifdef HAVE_INTTYPES_H
| # include <inttypes.h>
| #endif
| #ifdef HAVE_STDINT_H
| # include <stdint.h>
| #endif
| #ifdef HAVE_UNISTD_H
| # include <unistd.h>
| #endif
| 	        enum { N = 16 / 2 - 1 };
| int
| main ()
| {
| static int test_array [1 - 2 * !((int16_t) (((((int16_t) 1 << N) << N) - 1) * 2 + 1)
| 		 < (int16_t) (((((int16_t) 1 << N) << N) - 1) * 2 + 2))];
| test_array [0] = 0;
| return test_array [0];
| 
|   ;
|   return 0;
| }
configure:18636: result: yes
configure:18647: checking for int32_t
configure:18647: g++ -c -g -O2  conftest.cpp >&5
configure:18647: $? = 0
configure:18647: g++ -c -g -O2  conftest.cpp >&5
conftest.cpp: In function 'int main()':
conftest.cpp:73:55: warning: integer overflow in expression [-Woverflow]
    < (int32_t) (((((int32_t) 1 << N) << N) - 1) * 2 + 2))];
                                                       ^
conftest.cpp:73:58: error: size of array 'test_array' is negative
    < (int32_t) (((((int32_t) 1 << N) << N) - 1) * 2 + 2))];
                                                          ^
configure:18647: $? = 1
configure: failed program was:
| /* confdefs.h */
| #define PACKAGE_NAME "tautomata"
| #define PACKAGE_TARNAME "-tautomata-"
| #define PACKAGE_VERSION "v0.1 2015-02-19 18:03"
| #define PACKAGE_STRING "tautomata v0.1 2015-02-19 18:03"
| #define PACKAGE_BUGREPORT "babic.domagoj at gmail.com"
| #define PACKAGE_URL ""
| #define PACKAGE "-tautomata-"
| #define VERSION "v0.1 2015-02-19 18:03"
| #define STDC_HEADERS 1
| #define HAVE_SYS_TYPES_H 1
| #define HAVE_SYS_STAT_H 1
| #define HAVE_STDLIB_H 1
| #define HAVE_STRING_H 1
| #define HAVE_MEMORY_H 1
| #define HAVE_STRINGS_H 1
| #define HAVE_INTTYPES_H 1
| #define HAVE_STDINT_H 1
| #define HAVE_UNISTD_H 1
| #define HAVE_DLFCN_H 1
| #define LT_OBJDIR ".libs/"
| #define HAVE_BOOST 1
| #define HAVE_BOOST_SYSTEM_ERROR_CODE_HPP 1
| #define HAVE_BOOST_PROGRAM_OPTIONS_HPP 1
| #define HAVE_BOOST_SYSTEM_ERROR_CODE_HPP 1
| #define HAVE_BOOST_FILESYSTEM_PATH_HPP 1
| #define HAVE_BOOST_SCOPED_PTR_HPP 1
| #define HAVE_BOOST_SHARED_PTR_HPP 1
| #define HAVE_TR1_CSTDINT 1
| #define HAVE_TR1_UNORDERED_MAP 1
| #define HAVE_TR1_UNORDERED_SET 1
| #define HAVE_TR1_RANDOM 1
| #define HAVE_STDBOOL_H 1
| /* end confdefs.h.  */
| #include <stdio.h>
| #ifdef HAVE_SYS_TYPES_H
| # include <sys/types.h>
| #endif
| #ifdef HAVE_SYS_STAT_H
| # include <sys/stat.h>
| #endif
| #ifdef STDC_HEADERS
| # include <stdlib.h>
| # include <stddef.h>
| #else
| # ifdef HAVE_STDLIB_H
| #  include <stdlib.h>
| # endif
| #endif
| #ifdef HAVE_STRING_H
| # if !defined STDC_HEADERS && defined HAVE_MEMORY_H
| #  include <memory.h>
| # endif
| # include <string.h>
| #endif
| #ifdef HAVE_STRINGS_H
| # include <strings.h>
| #endif
| #ifdef HAVE_INTTYPES_H
| # include <inttypes.h>
| #endif
| #ifdef HAVE_STDINT_H
| # include <stdint.h>
| #endif
| #ifdef HAVE_UNISTD_H
| # include <unistd.h>
| #endif
| 	        enum { N = 32 / 2 - 1 };
| int
| main ()
| {
| static int test_array [1 - 2 * !((int32_t) (((((int32_t) 1 << N) << N) - 1) * 2 + 1)
| 		 < (int32_t) (((((int32_t) 1 << N) << N) - 1) * 2 + 2))];
| test_array [0] = 0;
| return test_array [0];
| 
|   ;
|   return 0;
| }
configure:18647: result: yes
configure:18658: checking for int64_t
configure:18658: g++ -c -g -O2  conftest.cpp >&5
configure:18658: $? = 0
configure:18658: g++ -c -g -O2  conftest.cpp >&5
conftest.cpp: In function 'int main()':
conftest.cpp:73:55: warning: integer overflow in expression [-Woverflow]
    < (int64_t) (((((int64_t) 1 << N) << N) - 1) * 2 + 2))];
                                                       ^
conftest.cpp:73:58: error: size of array 'test_array' is negative
    < (int64_t) (((((int64_t) 1 << N) << N) - 1) * 2 + 2))];
                                                          ^
configure:18658: $? = 1
configure: failed program was:
| /* confdefs.h */
| #define PACKAGE_NAME "tautomata"
| #define PACKAGE_TARNAME "-tautomata-"
| #define PACKAGE_VERSION "v0.1 2015-02-19 18:03"
| #define PACKAGE_STRING "tautomata v0.1 2015-02-19 18:03"
| #define PACKAGE_BUGREPORT "babic.domagoj at gmail.com"
| #define PACKAGE_URL ""
| #define PACKAGE "-tautomata-"
| #define VERSION "v0.1 2015-02-19 18:03"
| #define STDC_HEADERS 1
| #define HAVE_SYS_TYPES_H 1
| #define HAVE_SYS_STAT_H 1
| #define HAVE_STDLIB_H 1
| #define HAVE_STRING_H 1
| #define HAVE_MEMORY_H 1
| #define HAVE_STRINGS_H 1
| #define HAVE_INTTYPES_H 1
| #define HAVE_STDINT_H 1
| #define HAVE_UNISTD_H 1
| #define HAVE_DLFCN_H 1
| #define LT_OBJDIR ".libs/"
| #define HAVE_BOOST 1
| #define HAVE_BOOST_SYSTEM_ERROR_CODE_HPP 1
| #define HAVE_BOOST_PROGRAM_OPTIONS_HPP 1
| #define HAVE_BOOST_SYSTEM_ERROR_CODE_HPP 1
| #define HAVE_BOOST_FILESYSTEM_PATH_HPP 1
| #define HAVE_BOOST_SCOPED_PTR_HPP 1
| #define HAVE_BOOST_SHARED_PTR_HPP 1
| #define HAVE_TR1_CSTDINT 1
| #define HAVE_TR1_UNORDERED_MAP 1
| #define HAVE_TR1_UNORDERED_SET 1
| #define HAVE_TR1_RANDOM 1
| #define HAVE_STDBOOL_H 1
| /* end confdefs.h.  */
| #include <stdio.h>
| #ifdef HAVE_SYS_TYPES_H
| # include <sys/types.h>
| #endif
| #ifdef HAVE_SYS_STAT_H
| # include <sys/stat.h>
| #endif
| #ifdef STDC_HEADERS
| # include <stdlib.h>
| # include <stddef.h>
| #else
| # ifdef HAVE_STDLIB_H
| #  include <stdlib.h>
| # endif
| #endif
| #ifdef HAVE_STRING_H
| # if !defined STDC_HEADERS && defined HAVE_MEMORY_H
| #  include <memory.h>
| # endif
| # include <string.h>
| #endif
| #ifdef HAVE_STRINGS_H
| # include <strings.h>
| #endif
| #ifdef HAVE_INTTYPES_H
| # include <inttypes.h>
| #endif
| #ifdef HAVE_STDINT_H
| # include <stdint.h>
| #endif
| #ifdef HAVE_UNISTD_H
| # include <unistd.h>
| #endif
| 	        enum { N = 64 / 2 - 1 };
| int
| main ()
| {
| static int test_array [1 - 2 * !((int64_t) (((((int64_t) 1 << N) << N) - 1) * 2 + 1)
| 		 < (int64_t) (((((int64_t) 1 << N) << N) - 1) * 2 + 2))];
| test_array [0] = 0;
| return test_array [0];
| 
|   ;
|   return 0;
| }
configure:18658: result: yes
configure:18669: checking for size_t
configure:18669: g++ -c -g -O2  conftest.cpp >&5
configure:18669: $? = 0
configure:18669: g++ -c -g -O2  conftest.cpp >&5
conftest.cpp: In function 'int main()':
conftest.cpp:71:20: error: expected primary-expression before ')' token
 if (sizeof ((size_t)))
                    ^
configure:18669: $? = 1
configure: failed program was:
| /* confdefs.h */
| #define PACKAGE_NAME "tautomata"
| #define PACKAGE_TARNAME "-tautomata-"
| #define PACKAGE_VERSION "v0.1 2015-02-19 18:03"
| #define PACKAGE_STRING "tautomata v0.1 2015-02-19 18:03"
| #define PACKAGE_BUGREPORT "babic.domagoj at gmail.com"
| #define PACKAGE_URL ""
| #define PACKAGE "-tautomata-"
| #define VERSION "v0.1 2015-02-19 18:03"
| #define STDC_HEADERS 1
| #define HAVE_SYS_TYPES_H 1
| #define HAVE_SYS_STAT_H 1
| #define HAVE_STDLIB_H 1
| #define HAVE_STRING_H 1
| #define HAVE_MEMORY_H 1
| #define HAVE_STRINGS_H 1
| #define HAVE_INTTYPES_H 1
| #define HAVE_STDINT_H 1
| #define HAVE_UNISTD_H 1
| #define HAVE_DLFCN_H 1
| #define LT_OBJDIR ".libs/"
| #define HAVE_BOOST 1
| #define HAVE_BOOST_SYSTEM_ERROR_CODE_HPP 1
| #define HAVE_BOOST_PROGRAM_OPTIONS_HPP 1
| #define HAVE_BOOST_SYSTEM_ERROR_CODE_HPP 1
| #define HAVE_BOOST_FILESYSTEM_PATH_HPP 1
| #define HAVE_BOOST_SCOPED_PTR_HPP 1
| #define HAVE_BOOST_SHARED_PTR_HPP 1
| #define HAVE_TR1_CSTDINT 1
| #define HAVE_TR1_UNORDERED_MAP 1
| #define HAVE_TR1_UNORDERED_SET 1
| #define HAVE_TR1_RANDOM 1
| #define HAVE_STDBOOL_H 1
| /* end confdefs.h.  */
| #include <stdio.h>
| #ifdef HAVE_SYS_TYPES_H
| # include <sys/types.h>
| #endif
| #ifdef HAVE_SYS_STAT_H
| # include <sys/stat.h>
| #endif
| #ifdef STDC_HEADERS
| # include <stdlib.h>
| # include <stddef.h>
| #else
| # ifdef HAVE_STDLIB_H
| #  include <stdlib.h>
| # endif
| #endif
| #ifdef HAVE_STRING_H
| # if !defined STDC_HEADERS && defined HAVE_MEMORY_H
| #  include <memory.h>
| # endif
| # include <string.h>
| #endif
| #ifdef HAVE_STRINGS_H
| # include <strings.h>
| #endif
| #ifdef HAVE_INTTYPES_H
| # include <inttypes.h>
| #endif
| #ifdef HAVE_STDINT_H
| # include <stdint.h>
| #endif
| #ifdef HAVE_UNISTD_H
| # include <unistd.h>
| #endif
| int
| main ()
| {
| if (sizeof ((size_t)))
| 	    return 0;
|   ;
|   return 0;
| }
configure:18669: result: yes
configure:18680: checking for uint8_t
configure:18680: g++ -c -g -O2  conftest.cpp >&5
configure:18680: $? = 0
configure:18680: result: yes
configure:18694: checking for uint16_t
configure:18694: g++ -c -g -O2  conftest.cpp >&5
configure:18694: $? = 0
configure:18694: result: yes
configure:18706: checking for uint32_t
configure:18706: g++ -c -g -O2  conftest.cpp >&5
configure:18706: $? = 0
configure:18706: result: yes
configure:18720: checking for uint64_t
configure:18720: g++ -c -g -O2  conftest.cpp >&5
configure:18720: $? = 0
configure:18720: result: yes
configure:18734: checking for ptrdiff_t
configure:18734: g++ -c -g -O2  conftest.cpp >&5
configure:18734: $? = 0
configure:18734: g++ -c -g -O2  conftest.cpp >&5
conftest.cpp: In function 'int main()':
conftest.cpp:71:23: error: expected primary-expression before ')' token
 if (sizeof ((ptrdiff_t)))
                       ^
configure:18734: $? = 1
configure: failed program was:
| /* confdefs.h */
| #define PACKAGE_NAME "tautomata"
| #define PACKAGE_TARNAME "-tautomata-"
| #define PACKAGE_VERSION "v0.1 2015-02-19 18:03"
| #define PACKAGE_STRING "tautomata v0.1 2015-02-19 18:03"
| #define PACKAGE_BUGREPORT "babic.domagoj at gmail.com"
| #define PACKAGE_URL ""
| #define PACKAGE "-tautomata-"
| #define VERSION "v0.1 2015-02-19 18:03"
| #define STDC_HEADERS 1
| #define HAVE_SYS_TYPES_H 1
| #define HAVE_SYS_STAT_H 1
| #define HAVE_STDLIB_H 1
| #define HAVE_STRING_H 1
| #define HAVE_MEMORY_H 1
| #define HAVE_STRINGS_H 1
| #define HAVE_INTTYPES_H 1
| #define HAVE_STDINT_H 1
| #define HAVE_UNISTD_H 1
| #define HAVE_DLFCN_H 1
| #define LT_OBJDIR ".libs/"
| #define HAVE_BOOST 1
| #define HAVE_BOOST_SYSTEM_ERROR_CODE_HPP 1
| #define HAVE_BOOST_PROGRAM_OPTIONS_HPP 1
| #define HAVE_BOOST_SYSTEM_ERROR_CODE_HPP 1
| #define HAVE_BOOST_FILESYSTEM_PATH_HPP 1
| #define HAVE_BOOST_SCOPED_PTR_HPP 1
| #define HAVE_BOOST_SHARED_PTR_HPP 1
| #define HAVE_TR1_CSTDINT 1
| #define HAVE_TR1_UNORDERED_MAP 1
| #define HAVE_TR1_UNORDERED_SET 1
| #define HAVE_TR1_RANDOM 1
| #define HAVE_STDBOOL_H 1
| /* end confdefs.h.  */
| #include <stdio.h>
| #ifdef HAVE_SYS_TYPES_H
| # include <sys/types.h>
| #endif
| #ifdef HAVE_SYS_STAT_H
| # include <sys/stat.h>
| #endif
| #ifdef STDC_HEADERS
| # include <stdlib.h>
| # include <stddef.h>
| #else
| # ifdef HAVE_STDLIB_H
| #  include <stdlib.h>
| # endif
| #endif
| #ifdef HAVE_STRING_H
| # if !defined STDC_HEADERS && defined HAVE_MEMORY_H
| #  include <memory.h>
| # endif
| # include <string.h>
| #endif
| #ifdef HAVE_STRINGS_H
| # include <strings.h>
| #endif
| #ifdef HAVE_INTTYPES_H
| # include <inttypes.h>
| #endif
| #ifdef HAVE_STDINT_H
| # include <stdint.h>
| #endif
| #ifdef HAVE_UNISTD_H
| # include <unistd.h>
| #endif
| int
| main ()
| {
| if (sizeof ((ptrdiff_t)))
| 	    return 0;
|   ;
|   return 0;
| }
configure:18734: result: yes
configure:18759: checking for ANSI C header files
configure:18863: result: yes
configure:18873: checking for getpagesize
configure:18873: g++ -o conftest -g -O2   conftest.cpp  >&5
configure:18873: $? = 0
configure:18873: result: yes
configure:18884: checking for strcasecmp
configure:18884: g++ -o conftest -g -O2   conftest.cpp  >&5
configure:18884: $? = 0
configure:18884: result: yes
configure:19046: checking that generated files are newer than configure
configure:19052: result: done
configure:19083: creating ./config.status

## ---------------------- ##
## Running config.status. ##
## ---------------------- ##

This file was extended by tautomata config.status v0.1 2015-02-19 18:03, which was
generated by GNU Autoconf 2.69.  Invocation command line was

  CONFIG_FILES    = 
  CONFIG_HEADERS  = 
  CONFIG_LINKS    = 
  CONFIG_COMMANDS = 
  $ ./config.status 

on halikarnas-VirtualBox

config.status:1091: creating Makefile
config.status:1091: creating src/Makefile
config.status:1263: executing depfiles commands
config.status:1263: executing libtool commands

## ---------------- ##
## Cache variables. ##
## ---------------- ##

ac_cv_build=i686-pc-linux-gnu
ac_cv_c_compiler_gnu=yes
ac_cv_c_const=yes
ac_cv_c_inline=inline
ac_cv_c_int16_t=yes
ac_cv_c_int32_t=yes
ac_cv_c_int64_t=yes
ac_cv_c_int8_t=yes
ac_cv_c_uint16_t=yes
ac_cv_c_uint32_t=yes
ac_cv_c_uint64_t=yes
ac_cv_c_uint8_t=yes
ac_cv_cxx_compiler_gnu=yes
ac_cv_env_BOOST_ROOT_set=
ac_cv_env_BOOST_ROOT_value=
ac_cv_env_CCC_set=
ac_cv_env_CCC_value=
ac_cv_env_CC_set=
ac_cv_env_CC_value=
ac_cv_env_CFLAGS_set=
ac_cv_env_CFLAGS_value=
ac_cv_env_CPPFLAGS_set=
ac_cv_env_CPPFLAGS_value=
ac_cv_env_CPP_set=
ac_cv_env_CPP_value=
ac_cv_env_CXXCPP_set=
ac_cv_env_CXXCPP_value=
ac_cv_env_CXXFLAGS_set=
ac_cv_env_CXXFLAGS_value=
ac_cv_env_CXX_set=
ac_cv_env_CXX_value=
ac_cv_env_LDFLAGS_set=
ac_cv_env_LDFLAGS_value=
ac_cv_env_LIBS_set=
ac_cv_env_LIBS_value=
ac_cv_env_build_alias_set=
ac_cv_env_build_alias_value=
ac_cv_env_host_alias_set=
ac_cv_env_host_alias_value=
ac_cv_env_target_alias_set=
ac_cv_env_target_alias_value=
ac_cv_func_getpagesize=yes
ac_cv_func_strcasecmp=yes
ac_cv_header_boost_filesystem_path_hpp=yes
ac_cv_header_boost_program_options_hpp=yes
ac_cv_header_boost_scoped_ptr_hpp=yes
ac_cv_header_boost_shared_ptr_hpp=yes
ac_cv_header_boost_system_error_code_hpp=yes
ac_cv_header_dlfcn_h=yes
ac_cv_header_inttypes_h=yes
ac_cv_header_memory_h=yes
ac_cv_header_stdbool_h=yes
ac_cv_header_stdc=yes
ac_cv_header_stdint_h=yes
ac_cv_header_stdlib_h=yes
ac_cv_header_string_h=yes
ac_cv_header_strings_h=yes
ac_cv_header_sys_stat_h=yes
ac_cv_header_sys_types_h=yes
ac_cv_header_tr1_cstdint=yes
ac_cv_header_tr1_random=yes
ac_cv_header_tr1_unordered_map=yes
ac_cv_header_tr1_unordered_set=yes
ac_cv_header_unistd_h=yes
ac_cv_host=i686-pc-linux-gnu
ac_cv_objext=o
ac_cv_path_BISON=/usr/bin/bison
ac_cv_path_DOT=/usr/bin/dot
ac_cv_path_EGREP='/bin/grep -E'
ac_cv_path_FGREP='/bin/grep -F'
ac_cv_path_FLEX=/usr/bin/flex
ac_cv_path_GREP=/bin/grep
ac_cv_path_GV=/usr/bin/gv
ac_cv_path_RM=/bin/rm
ac_cv_path_SED=/bin/sed
ac_cv_path_TAR=/bin/tar
ac_cv_path_install='/usr/bin/install -c'
ac_cv_path_mkdir=/bin/mkdir
ac_cv_prog_AWK=mawk
ac_cv_prog_CPP='gcc -E'
ac_cv_prog_CXXCPP='g++ -E'
ac_cv_prog_ac_ct_AR=ar
ac_cv_prog_ac_ct_CC=gcc
ac_cv_prog_ac_ct_CXX=g++
ac_cv_prog_ac_ct_MANIFEST_TOOL=mt
ac_cv_prog_ac_ct_OBJDUMP=objdump
ac_cv_prog_ac_ct_RANLIB=ranlib
ac_cv_prog_ac_ct_STRIP=strip
ac_cv_prog_cc_c89=
ac_cv_prog_cc_g=yes
ac_cv_prog_cxx_g=yes
ac_cv_prog_make_make_set=yes
ac_cv_type__Bool=no
ac_cv_type_ptrdiff_t=yes
ac_cv_type_size_t=yes
am_cv_CC_dependencies_compiler_type=gcc3
am_cv_CXX_dependencies_compiler_type=gcc3
am_cv_make_support_nested_variables=yes
am_cv_prog_cc_c_o=yes
boost_cv_inc_path=yes
boost_cv_lib_filesystem=yes
boost_cv_lib_filesystem_LDPATH=
boost_cv_lib_filesystem_LIBS=-lboost_filesystem
boost_cv_lib_program_options=yes
boost_cv_lib_program_options_LDPATH=
boost_cv_lib_program_options_LIBS=-lboost_program_options
boost_cv_lib_system=yes
boost_cv_lib_system_LDPATH=
boost_cv_lib_system_LIBS=-lboost_system
boost_cv_lib_tag='gcc48 -gcc'
boost_cv_lib_version=1_54
boost_cv_rpath_link_ldflag=
lt_cv_ar_at_file=@
lt_cv_archive_cmds_need_lc=no
lt_cv_deplibs_check_method=pass_all
lt_cv_file_magic_cmd='$MAGIC_CMD'
lt_cv_file_magic_test_file=
lt_cv_ld_reload_flag=-r
lt_cv_nm_interface='BSD nm'
lt_cv_objdir=.libs
lt_cv_path_LD=/usr/bin/ld
lt_cv_path_LDCXX=/usr/bin/ld
lt_cv_path_NM='/usr/bin/nm -B'
lt_cv_path_mainfest_tool=no
lt_cv_prog_compiler_c_o=yes
lt_cv_prog_compiler_c_o_CXX=yes
lt_cv_prog_compiler_pic='-fPIC -DPIC'
lt_cv_prog_compiler_pic_CXX='-fPIC -DPIC'
lt_cv_prog_compiler_pic_works=yes
lt_cv_prog_compiler_pic_works_CXX=yes
lt_cv_prog_compiler_rtti_exceptions=no
lt_cv_prog_compiler_static_works=yes
lt_cv_prog_compiler_static_works_CXX=yes
lt_cv_prog_gnu_ld=yes
lt_cv_prog_gnu_ldcxx=yes
lt_cv_sharedlib_from_linklib_cmd='printf %s\n'
lt_cv_shlibpath_overrides_runpath=no
lt_cv_sys_global_symbol_pipe='sed -n -e '\''s/^.*[	 ]\([ABCDGIRSTW][ABCDGIRSTW]*\)[	 ][	 ]*\([_A-Za-z][_A-Za-z0-9]*\)$/\1 \2 \2/p'\'' | sed '\''/ __gnu_lto/d'\'''
lt_cv_sys_global_symbol_to_c_name_address='sed -n -e '\''s/^: \([^ ]*\)[ ]*$/  {\"\1\", (void *) 0},/p'\'' -e '\''s/^[ABCDGIRSTW]* \([^ ]*\) \([^ ]*\)$/  {"\2", (void *) \&\2},/p'\'''
lt_cv_sys_global_symbol_to_c_name_address_lib_prefix='sed -n -e '\''s/^: \([^ ]*\)[ ]*$/  {\"\1\", (void *) 0},/p'\'' -e '\''s/^[ABCDGIRSTW]* \([^ ]*\) \(lib[^ ]*\)$/  {"\2", (void *) \&\2},/p'\'' -e '\''s/^[ABCDGIRSTW]* \([^ ]*\) \([^ ]*\)$/  {"lib\2", (void *) \&\2},/p'\'''
lt_cv_sys_global_symbol_to_cdecl='sed -n -e '\''s/^T .* \(.*\)$/extern int \1();/p'\'' -e '\''s/^[ABCDGIRSTW]* .* \(.*\)$/extern char \1;/p'\'''
lt_cv_sys_max_cmd_len=1572864
lt_cv_to_host_file_cmd=func_convert_file_noop
lt_cv_to_tool_file_cmd=func_convert_file_noop

## ----------------- ##
## Output variables. ##
## ----------------- ##

ACLOCAL='${SHELL} /home/halikarnas/Downloads/tautomata-inf/config/missing aclocal-1.14'
AMDEPBACKSLASH='\'
AMDEP_FALSE='#'
AMDEP_TRUE=''
AMTAR='$${TAR-tar}'
AM_BACKSLASH='\'
AM_DEFAULT_V='$(AM_DEFAULT_VERBOSITY)'
AM_DEFAULT_VERBOSITY='1'
AM_V='$(V)'
AR='ar'
AUTOCONF='${SHELL} /home/halikarnas/Downloads/tautomata-inf/config/missing autoconf'
AUTOHEADER='${SHELL} /home/halikarnas/Downloads/tautomata-inf/config/missing autoheader'
AUTOMAKE='${SHELL} /home/halikarnas/Downloads/tautomata-inf/config/missing automake-1.14'
AWK='mawk'
BISON='/usr/bin/bison'
BOOST_CPPFLAGS=''
BOOST_FILESYSTEM_LDFLAGS=''
BOOST_FILESYSTEM_LDPATH=''
BOOST_FILESYSTEM_LIBS='-lboost_filesystem'
BOOST_LDPATH=''
BOOST_PROGRAM_OPTIONS_LDFLAGS=''
BOOST_PROGRAM_OPTIONS_LDPATH=''
BOOST_PROGRAM_OPTIONS_LIBS='-lboost_program_options'
BOOST_ROOT=''
BOOST_SYSTEM_LDFLAGS=''
BOOST_SYSTEM_LDPATH=''
BOOST_SYSTEM_LIBS='-lboost_system'
CC='gcc'
CCDEPMODE='depmode=gcc3'
CFLAGS='-g -O2'
CPP='gcc -E'
CPPFLAGS=''
CXX='g++'
CXXCPP='g++ -E'
CXXDEPMODE='depmode=gcc3'
CXXFLAGS='-g -O2'
CYGPATH_W='echo'
DEFS='-DPACKAGE_NAME=\"tautomata\" -DPACKAGE_TARNAME=\"-tautomata-\" -DPACKAGE_VERSION=\"v0.1\ 2015-02-19\ 18:03\" -DPACKAGE_STRING=\"tautomata\ v0.1\ 2015-02-19\ 18:03\" -DPACKAGE_BUGREPORT=\"babic.domagoj\ at\ gmail.com\" -DPACKAGE_URL=\"\" -DPACKAGE=\"-tautomata-\" -DVERSION=\"v0.1\ 2015-02-19\ 18:03\" -DSTDC_HEADERS=1 -DHAVE_SYS_TYPES_H=1 -DHAVE_SYS_STAT_H=1 -DHAVE_STDLIB_H=1 -DHAVE_STRING_H=1 -DHAVE_MEMORY_H=1 -DHAVE_STRINGS_H=1 -DHAVE_INTTYPES_H=1 -DHAVE_STDINT_H=1 -DHAVE_UNISTD_H=1 -DHAVE_DLFCN_H=1 -DLT_OBJDIR=\".libs/\" -DHAVE_BOOST=1 -DHAVE_BOOST_SYSTEM_ERROR_CODE_HPP=1 -DHAVE_BOOST_PROGRAM_OPTIONS_HPP=1 -DHAVE_BOOST_SYSTEM_ERROR_CODE_HPP=1 -DHAVE_BOOST_FILESYSTEM_PATH_HPP=1 -DHAVE_BOOST_SCOPED_PTR_HPP=1 -DHAVE_BOOST_SHARED_PTR_HPP=1 -DHAVE_TR1_CSTDINT=1 -DHAVE_TR1_UNORDERED_MAP=1 -DHAVE_TR1_UNORDERED_SET=1 -DHAVE_TR1_RANDOM=1 -DHAVE_STDBOOL_H=1 -DHAVE_PTRDIFF_T=1 -DSTDC_HEADERS=1 -DHAVE_GETPAGESIZE=1 -DHAVE_STRCASECMP=1'
DEPDIR='.deps'
DISTCHECK_CONFIGURE_FLAGS=' '\''--with-boost='\'''
DLLTOOL='false'
DOT='/usr/bin/dot'
DSYMUTIL=''
DUMPBIN=''
ECHO_C=''
ECHO_N='-n'
ECHO_T=''
EGREP='/bin/grep -E'
EXEEXT=''
FGREP='/bin/grep -F'
FLEX='/usr/bin/flex'
GREP='/bin/grep'
GV='/usr/bin/gv'
INSTALL_DATA='${INSTALL} -m 644'
INSTALL_PROGRAM='${INSTALL}'
INSTALL_SCRIPT='${INSTALL}'
INSTALL_STRIP_PROGRAM='$(install_sh) -c -s'
LD='/usr/bin/ld'
LDFLAGS=''
LIBOBJS=''
LIBS=''
LIBTOOL='$(SHELL) $(top_builddir)/libtool'
LIPO=''
LN_S='ln -s'
LTLIBOBJS=''
MAKEINFO='${SHELL} /home/halikarnas/Downloads/tautomata-inf/config/missing makeinfo'
MANIFEST_TOOL=':'
MKDIR_P='/bin/mkdir -p'
NM='/usr/bin/nm -B'
NMEDIT=''
OBJDUMP='objdump'
OBJEXT='o'
OTOOL64=''
OTOOL=''
PACKAGE='-tautomata-'
PACKAGE_BUGREPORT='babic.domagoj at gmail.com'
PACKAGE_NAME='tautomata'
PACKAGE_STRING='tautomata v0.1 2015-02-19 18:03'
PACKAGE_TARNAME='-tautomata-'
PACKAGE_URL=''
PACKAGE_VERSION='v0.1 2015-02-19 18:03'
PATH_SEPARATOR=':'
RANLIB='ranlib'
RM='/bin/rm'
SED='/bin/sed'
SET_MAKE=''
SHELL='/bin/bash'
STRIP='strip'
TAR='/bin/tar'
VERSION='v0.1 2015-02-19 18:03'
ac_ct_AR='ar'
ac_ct_CC='gcc'
ac_ct_CXX='g++'
ac_ct_DUMPBIN=''
am__EXEEXT_FALSE=''
am__EXEEXT_TRUE='#'
am__fastdepCC_FALSE='#'
am__fastdepCC_TRUE=''
am__fastdepCXX_FALSE='#'
am__fastdepCXX_TRUE=''
am__include='include'
am__isrc=''
am__leading_dot='.'
am__nodep='_no'
am__quote=''
am__tar='$${TAR-tar} chof - "$$tardir"'
am__untar='$${TAR-tar} xf -'
bindir='${exec_prefix}/bin'
build='i686-pc-linux-gnu'
build_alias=''
build_cpu='i686'
build_os='linux-gnu'
build_vendor='pc'
ccflags=' -Wall -Wextra -pipe -ffloat-store -m32  -DNDEBUG -g3 -gdwarf-2'
cxxflags=' -Wall -Wextra -pipe -ffloat-store  -DNDEBUG -g3 -gdwarf-2'
datadir='${datarootdir}'
datarootdir='${prefix}/share'
docdir='${datarootdir}/doc/${PACKAGE_TARNAME}'
dvidir='${docdir}'
exec_prefix='${prefix}'
host='i686-pc-linux-gnu'
host_alias=''
host_cpu='i686'
host_os='linux-gnu'
host_vendor='pc'
htmldir='${docdir}'
includedir='${prefix}/include'
infodir='${datarootdir}/info'
install_sh='${SHELL} /home/halikarnas/Downloads/tautomata-inf/config/install-sh'
libdir='${exec_prefix}/lib'
libexecdir='${exec_prefix}/libexec'
localedir='${datarootdir}/locale'
localstatedir='${prefix}/var'
mandir='${datarootdir}/man'
mkdir_p='$(MKDIR_P)'
oldincludedir='/usr/include'
pdfdir='${docdir}'
prefix='/usr/local'
program_transform_name='s,x,x,'
psdir='${docdir}'
sbindir='${exec_prefix}/sbin'
sharedstatedir='${prefix}/com'
sysconfdir='${prefix}/etc'
target_alias=''

## ----------- ##
## confdefs.h. ##
## ----------- ##

/* confdefs.h */
#define PACKAGE_NAME "tautomata"
#define PACKAGE_TARNAME "-tautomata-"
#define PACKAGE_VERSION "v0.1 2015-02-19 18:03"
#define PACKAGE_STRING "tautomata v0.1 2015-02-19 18:03"
#define PACKAGE_BUGREPORT "babic.domagoj at gmail.com"
#define PACKAGE_URL ""
#define PACKAGE "-tautomata-"
#define VERSION "v0.1 2015-02-19 18:03"
#define STDC_HEADERS 1
#define HAVE_SYS_TYPES_H 1
#define HAVE_SYS_STAT_H 1
#define HAVE_STDLIB_H 1
#define HAVE_STRING_H 1
#define HAVE_MEMORY_H 1
#define HAVE_STRINGS_H 1
#define HAVE_INTTYPES_H 1
#define HAVE_STDINT_H 1
#define HAVE_UNISTD_H 1
#define HAVE_DLFCN_H 1
#define LT_OBJDIR ".libs/"
#define HAVE_BOOST 1
#define HAVE_BOOST_SYSTEM_ERROR_CODE_HPP 1
#define HAVE_BOOST_PROGRAM_OPTIONS_HPP 1
#define HAVE_BOOST_SYSTEM_ERROR_CODE_HPP 1
#define HAVE_BOOST_FILESYSTEM_PATH_HPP 1
#define HAVE_BOOST_SCOPED_PTR_HPP 1
#define HAVE_BOOST_SHARED_PTR_HPP 1
#define HAVE_TR1_CSTDINT 1
#define HAVE_TR1_UNORDERED_MAP 1
#define HAVE_TR1_UNORDERED_SET 1
#define HAVE_TR1_RANDOM 1
#define HAVE_STDBOOL_H 1
#define HAVE_PTRDIFF_T 1
#define STDC_HEADERS 1
#define HAVE_GETPAGESIZE 1
#define HAVE_STRCASECMP 1

configure: exit 0
